<?xml version="1.0" encoding="UTF-8"?>
<testsuites tests="35" failures="32" errors="0" time="111.972345">
	<testsuite tests="35" failures="32" skipped="3" time="108.184000" name="github.com/harness/terraform-provider-harness/internal/service/platform/secret" timestamp="2025-03-21T00:21:30+05:30">
		<properties>
			<property name="go.version" value="go1.23.5 darwin/arm64"></property>
		</properties>
		<testcase classname="github.com/harness/terraform-provider-harness/internal/service/platform/secret" name="TestAccDataSourceSecretFile" time="0.860000">
			<failure message="Failed" type="">=== RUN   TestAccDataSourceSecretFile&#xA;2025-03-21T00:21:34.233+0530 [DEBUG] sdk.helper_resource: Starting TestCase: test_name=TestAccDataSourceSecretFile&#xA;2025-03-21T00:21:34.233+0530 [DEBUG] sdk.helper_resource: Calling TestCase PreCheck: test_name=TestAccDataSourceSecretFile&#xA;2025/03/21 00:21:34 [WARN] error creating CD client: invalid config: AccountId must be set&#xA;2025-03-21T00:21:34.236+0530 [DEBUG] sdk.helper_resource: Called TestCase PreCheck: test_name=TestAccDataSourceSecretFile&#xA;2025-03-21T00:21:34.236+0530 [DEBUG] sdk.helper_resource: Found Terraform CLI: test_name=TestAccDataSourceSecretFile test_terraform_path=/opt/homebrew/bin/terraform&#xA;2025-03-21T00:21:34.257+0530 [DEBUG] sdk.helper_resource: Creating sdkv2 provider instance: test_name=TestAccDataSourceSecretFile test_terraform_path=/opt/homebrew/bin/terraform test_working_directory=/var/folders/xb/l5t2rsc51zx11jdc_dxwbzd80000gp/T/plugintest3478510675 tf_provider_addr=registry.terraform.io/hashicorp/harness&#xA;2025-03-21T00:21:34.258+0530 [DEBUG] sdk.helper_resource: Created sdkv2 provider instance: test_name=TestAccDataSourceSecretFile test_terraform_path=/opt/homebrew/bin/terraform test_working_directory=/var/folders/xb/l5t2rsc51zx11jdc_dxwbzd80000gp/T/plugintest3478510675 tf_provider_addr=registry.terraform.io/hashicorp/harness&#xA;2025-03-21T00:21:34.258+0530 [DEBUG] sdk.helper_resource: Starting sdkv2 provider instance server: test_name=TestAccDataSourceSecretFile test_terraform_path=/opt/homebrew/bin/terraform test_working_directory=/var/folders/xb/l5t2rsc51zx11jdc_dxwbzd80000gp/T/plugintest3478510675 tf_provider_addr=registry.terraform.io/hashicorp/harness&#xA;2025-03-21T00:21:34.259+0530 [DEBUG] sdk.helper_resource: Started sdkv2 provider instance server: test_name=TestAccDataSourceSecretFile test_terraform_path=/opt/homebrew/bin/terraform test_working_directory=/var/folders/xb/l5t2rsc51zx11jdc_dxwbzd80000gp/T/plugintest3478510675 tf_provider_addr=registry.terraform.io/hashicorp/harness&#xA;2025-03-21T00:21:34.281+0530 [DEBUG] sdk.helper_resource: Stopping providers: test_name=TestAccDataSourceSecretFile test_terraform_path=/opt/homebrew/bin/terraform test_working_directory=/var/folders/xb/l5t2rsc51zx11jdc_dxwbzd80000gp/T/plugintest3478510675&#xA;2025-03-21T00:21:34.281+0530 [DEBUG] sdk.helper_resource: Starting TestSteps: test_name=TestAccDataSourceSecretFile test_terraform_path=/opt/homebrew/bin/terraform test_working_directory=/var/folders/xb/l5t2rsc51zx11jdc_dxwbzd80000gp/T/plugintest3478510675&#xA;2025-03-21T00:21:34.281+0530 [DEBUG] sdk.helper_resource: Starting TestStep: test_step_number=1 test_terraform_path=/opt/homebrew/bin/terraform test_working_directory=/var/folders/xb/l5t2rsc51zx11jdc_dxwbzd80000gp/T/plugintest3478510675 test_name=TestAccDataSourceSecretFile&#xA;2025-03-21T00:21:34.282+0530 [DEBUG] sdk.helper_resource: Creating sdkv2 provider instance: test_name=TestAccDataSourceSecretFile test_step_number=1 test_terraform_path=/opt/homebrew/bin/terraform tf_provider_addr=registry.terraform.io/hashicorp/harness test_working_directory=/var/folders/xb/l5t2rsc51zx11jdc_dxwbzd80000gp/T/plugintest3478510675&#xA;2025-03-21T00:21:34.284+0530 [DEBUG] sdk.helper_resource: Created sdkv2 provider instance: test_working_directory=/var/folders/xb/l5t2rsc51zx11jdc_dxwbzd80000gp/T/plugintest3478510675 test_name=TestAccDataSourceSecretFile test_step_number=1 tf_provider_addr=registry.terraform.io/hashicorp/harness test_terraform_path=/opt/homebrew/bin/terraform&#xA;2025-03-21T00:21:34.284+0530 [DEBUG] sdk.helper_resource: Starting sdkv2 provider instance server: test_step_number=1 tf_provider_addr=registry.terraform.io/hashicorp/harness test_terraform_path=/opt/homebrew/bin/terraform test_working_directory=/var/folders/xb/l5t2rsc51zx11jdc_dxwbzd80000gp/T/plugintest3478510675 test_name=TestAccDataSourceSecretFile&#xA;2025-03-21T00:21:34.284+0530 [DEBUG] sdk.helper_resource: Started sdkv2 provider instance server: test_name=TestAccDataSourceSecretFile test_step_number=1 test_terraform_path=/opt/homebrew/bin/terraform test_working_directory=/var/folders/xb/l5t2rsc51zx11jdc_dxwbzd80000gp/T/plugintest3478510675 tf_provider_addr=registry.terraform.io/hashicorp/harness&#xA;2025/03/21 00:21:34 [WARN] error creating CD client: invalid config: AccountId must be set&#xA;2025-03-21T00:21:34.366+0530 [DEBUG] sdk.helper_resource: Stopping providers: test_terraform_path=/opt/homebrew/bin/terraform test_working_directory=/var/folders/xb/l5t2rsc51zx11jdc_dxwbzd80000gp/T/plugintest3478510675 test_name=TestAccDataSourceSecretFile test_step_number=1&#xA;2025-03-21T00:21:34.367+0530 [DEBUG] sdk.helper_resource: Running Terraform CLI plan and apply: test_name=TestAccDataSourceSecretFile test_step_number=1 test_terraform_path=/opt/homebrew/bin/terraform test_working_directory=/var/folders/xb/l5t2rsc51zx11jdc_dxwbzd80000gp/T/plugintest3478510675&#xA;2025-03-21T00:21:34.367+0530 [DEBUG] sdk.helper_resource: Creating sdkv2 provider instance: test_terraform_path=/opt/homebrew/bin/terraform test_working_directory=/var/folders/xb/l5t2rsc51zx11jdc_dxwbzd80000gp/T/plugintest3478510675 test_name=TestAccDataSourceSecretFile test_step_number=1 tf_provider_addr=registry.terraform.io/hashicorp/harness&#xA;2025-03-21T00:21:34.368+0530 [DEBUG] sdk.helper_resource: Created sdkv2 provider instance: test_step_number=1 test_terraform_path=/opt/homebrew/bin/terraform test_working_directory=/var/folders/xb/l5t2rsc51zx11jdc_dxwbzd80000gp/T/plugintest3478510675 tf_provider_addr=registry.terraform.io/hashicorp/harness test_name=TestAccDataSourceSecretFile&#xA;2025-03-21T00:21:34.368+0530 [DEBUG] sdk.helper_resource: Starting sdkv2 provider instance server: test_terraform_path=/opt/homebrew/bin/terraform test_working_directory=/var/folders/xb/l5t2rsc51zx11jdc_dxwbzd80000gp/T/plugintest3478510675 test_name=TestAccDataSourceSecretFile test_step_number=1 tf_provider_addr=registry.terraform.io/hashicorp/harness&#xA;2025-03-21T00:21:34.368+0530 [DEBUG] sdk.helper_resource: Started sdkv2 provider instance server: test_terraform_path=/opt/homebrew/bin/terraform test_working_directory=/var/folders/xb/l5t2rsc51zx11jdc_dxwbzd80000gp/T/plugintest3478510675 test_name=TestAccDataSourceSecretFile test_step_number=1 tf_provider_addr=registry.terraform.io/hashicorp/harness&#xA;2025/03/21 00:21:34 [WARN] error creating CD client: invalid config: AccountId must be set&#xA;2025-03-21T00:21:34.479+0530 [DEBUG] sdk.helper_resource: Stopping providers: test_terraform_path=/opt/homebrew/bin/terraform test_working_directory=/var/folders/xb/l5t2rsc51zx11jdc_dxwbzd80000gp/T/plugintest3478510675 test_name=TestAccDataSourceSecretFile test_step_number=1&#xA;2025-03-21T00:21:34.479+0530 [DEBUG] sdk.helper_resource: Creating sdkv2 provider instance: tf_provider_addr=registry.terraform.io/hashicorp/harness test_terraform_path=/opt/homebrew/bin/terraform test_working_directory=/var/folders/xb/l5t2rsc51zx11jdc_dxwbzd80000gp/T/plugintest3478510675 test_name=TestAccDataSourceSecretFile test_step_number=1&#xA;2025-03-21T00:21:34.480+0530 [DEBUG] sdk.helper_resource: Created sdkv2 provider instance: test_terraform_path=/opt/homebrew/bin/terraform test_working_directory=/var/folders/xb/l5t2rsc51zx11jdc_dxwbzd80000gp/T/plugintest3478510675 test_name=TestAccDataSourceSecretFile test_step_number=1 tf_provider_addr=registry.terraform.io/hashicorp/harness&#xA;2025-03-21T00:21:34.480+0530 [DEBUG] sdk.helper_resource: Starting sdkv2 provider instance server: test_terraform_path=/opt/homebrew/bin/terraform test_working_directory=/var/folders/xb/l5t2rsc51zx11jdc_dxwbzd80000gp/T/plugintest3478510675 test_name=TestAccDataSourceSecretFile test_step_number=1 tf_provider_addr=registry.terraform.io/hashicorp/harness&#xA;2025-03-21T00:21:34.480+0530 [DEBUG] sdk.helper_resource: Started sdkv2 provider instance server: test_name=TestAccDataSourceSecretFile test_step_number=1 tf_provider_addr=registry.terraform.io/hashicorp/harness test_terraform_path=/opt/homebrew/bin/terraform test_working_directory=/var/folders/xb/l5t2rsc51zx11jdc_dxwbzd80000gp/T/plugintest3478510675&#xA;2025/03/21 00:21:34 [DEBUG] New state was assigned lineage &#34;0f7e10e3-4c6a-46a6-b34f-ef59944d2b04&#34;&#xA;2025-03-21T00:21:34.517+0530 [DEBUG] sdk.helper_resource: Stopping providers: test_name=TestAccDataSourceSecretFile test_step_number=1 test_terraform_path=/opt/homebrew/bin/terraform test_working_directory=/var/folders/xb/l5t2rsc51zx11jdc_dxwbzd80000gp/T/plugintest3478510675&#xA;2025-03-21T00:21:34.517+0530 [DEBUG] sdk.helper_resource: Creating sdkv2 provider instance: test_name=TestAccDataSourceSecretFile test_step_number=1 test_terraform_path=/opt/homebrew/bin/terraform test_working_directory=/var/folders/xb/l5t2rsc51zx11jdc_dxwbzd80000gp/T/plugintest3478510675 tf_provider_addr=registry.terraform.io/hashicorp/harness&#xA;2025-03-21T00:21:34.519+0530 [DEBUG] sdk.helper_resource: Created sdkv2 provider instance: test_name=TestAccDataSourceSecretFile test_step_number=1 tf_provider_addr=registry.terraform.io/hashicorp/harness test_terraform_path=/opt/homebrew/bin/terraform test_working_directory=/var/folders/xb/l5t2rsc51zx11jdc_dxwbzd80000gp/T/plugintest3478510675&#xA;2025-03-21T00:21:34.519+0530 [DEBUG] sdk.helper_resource: Starting sdkv2 provider instance server: test_name=TestAccDataSourceSecretFile test_step_number=1 tf_provider_addr=registry.terraform.io/hashicorp/harness test_terraform_path=/opt/homebrew/bin/terraform test_working_directory=/var/folders/xb/l5t2rsc51zx11jdc_dxwbzd80000gp/T/plugintest3478510675&#xA;2025-03-21T00:21:34.519+0530 [DEBUG] sdk.helper_resource: Started sdkv2 provider instance server: test_terraform_path=/opt/homebrew/bin/terraform test_working_directory=/var/folders/xb/l5t2rsc51zx11jdc_dxwbzd80000gp/T/plugintest3478510675 test_name=TestAccDataSourceSecretFile test_step_number=1 tf_provider_addr=registry.terraform.io/hashicorp/harness&#xA;2025/03/21 00:21:34 [WARN] error creating CD client: invalid config: AccountId must be set&#xA;2025/03/21 00:21:34 [DEBUG] POST https://app.harness.io/gateway/ng/api/v2/secrets/files?accountIdentifier=&#xA;2025-03-21 00:21:34 [DEBUG] harness-go-sdk harness-go-sdk API Request Details:&#xA;---[ REQUEST ]---------------------------------------&#xA;POST /gateway/ng/api/v2/secrets/files?accountIdentifier= HTTP/1.1&#xD;&#xA;Host: app.harness.io&#xD;&#xA;User-Agent: terraform-provider-harness-platform-dev&#xD;&#xA;Content-Length: 590&#xD;&#xA;Accept: application/json&#xD;&#xA;Content-Type: multipart/form-data; boundary=55ea8d2266f77e3771755284f66d3c15edebbca4f900f727ac68b0e7d202&#xD;&#xA;X-Api-Key: &#xD;&#xA;Accept-Encoding: gzip&#xD;&#xA;&#xD;&#xA;--55ea8d2266f77e3771755284f66d3c15edebbca4f900f727ac68b0e7d202&#xD;&#xA;Content-Disposition: form-data; name=&#34;spec&#34;&#xD;&#xA;&#xD;&#xA;{&#xA; &#34;secret&#34;: {&#xA;  &#34;type&#34;: &#34;SecretFile&#34;,&#xA;  &#34;name&#34;: &#34;TestAccDataSourceSecretFile_pTBW&#34;,&#xA;  &#34;identifier&#34;: &#34;TestAccDataSourceSecretFile_pTBW&#34;,&#xA;  &#34;description&#34;: &#34;test&#34;,&#xA;  &#34;tags&#34;: {&#xA;   &#34;foo&#34;: &#34;bar&#34;&#xA;  },&#xA;  &#34;spec&#34;: {&#xA;   &#34;secretManagerIdentifier&#34;: &#34;harnessSecretManager&#34;&#xA;  }&#xA; }&#xA;}&#xD;&#xA;--55ea8d2266f77e3771755284f66d3c15edebbca4f900f727ac68b0e7d202&#xD;&#xA;Content-Disposition: form-data; name=&#34;file&#34;; filename=&#34;secret.txt&#34;&#xD;&#xA;Content-Type: application/octet-stream&#xD;&#xA;&#xD;&#xA;gfhryjttigkg&#xA;&#xD;&#xA;--55ea8d2266f77e3771755284f66d3c15edebbca4f900f727ac68b0e7d202--&#xD;&#xA;&#xA;-----------------------------------------------------&#xA;2025-03-21 00:21:35 [DEBUG] harness-go-sdk harness-go-sdk API Response Details:&#xA;---[ RESPONSE ]--------------------------------------&#xA;HTTP/2.0 401 Unauthorized&#xD;&#xA;Connection: close&#xD;&#xA;Alt-Svc: h3=&#34;:443&#34;; ma=2592000,h3-29=&#34;:443&#34;; ma=2592000&#xD;&#xA;Cache-Control: no-store&#xD;&#xA;Date: Thu, 20 Mar 2025 18:51:34 GMT&#xD;&#xA;Referrer-Policy: no-referrer&#xD;&#xA;Set-Cookie: token=dummy; Path=/; Max-Age=0; Expires=Thu, 01 Jan 1970 00:00:00 GMT; Secure; HttpOnly; SameSite=Strict&#xD;&#xA;Set-Cookie: token=dummy; Path=/; Domain=.harness.io; Max-Age=0; Expires=Thu, 01 Jan 1970 00:00:00 GMT; Secure; HttpOnly; SameSite=Strict&#xD;&#xA;Set-Cookie: harness_email=dummy; Path=/; Domain=.harness.io; Max-Age=0; Expires=Thu, 01 Jan 1970 00:00:00 GMT; Secure&#xD;&#xA;Set-Cookie: harness_lastTokenSetTime=0; Path=/; Domain=.harness.io; Max-Age=0; Expires=Thu, 01 Jan 1970 00:00:00 GMT; Secure&#xD;&#xA;Strict-Transport-Security: max-age=31536000 ; includeSubDomains&#xD;&#xA;Via: 1.1 google&#xD;&#xA;&#xD;&#xA;&lt;!DOCTYPE html&gt;&#xA;&lt;html lang=&#34;en&#34;&gt;&#xA;    &lt;head&gt;&#xA;        &lt;meta charset=&#34;UTF-8&#34;&gt;&#xA;        &lt;title&gt;Harness Redirect&lt;/title&gt;&#xA;        &lt;script type=&#34;application/javascript&#34;&gt;&#xA;            function redirectPage() {&#xA;                const signInPath = &#34;auth/#/signin&#34;;&#xA;                const returnUrl = encodeURIComponent(window.location.href);&#xA;&#xA;                var redirectUrlBase = `${window.location.origin}/${signInPath}`;&#xA;                if (window.location.hash.split(&#34;/&#34;).includes(&#34;account&#34;)) {&#xA;                    redirectUrlBase = `${redirectUrlBase}?returnUrl=${returnUrl}`;&#xA;                }&#xA;&#xA;                window.location.href = redirectUrlBase;&#xA;            }&#xA;        &lt;/script&gt;&#xA;    &lt;/head&gt;&#xA;    &lt;body onload=&#34;redirectPage()&#34;&gt;&#xA;        Redirecting...&#xA;    &lt;/body&gt;&#xA;&lt;/html&gt;&#xA;-----------------------------------------------------&#xA;2025-03-21T00:21:35.002+0530 [ERROR] sdk.proto: Response contains error diagnostic: diagnostic_severity=ERROR diagnostic_summary=&#34;401 Unauthorized&#34; tf_provider_addr=registry.terraform.io/hashicorp/harness tf_proto_version=5.3 tf_req_id=8c3cc24b-d43f-284d-16c7-e1fa06a5761a tf_rpc=ApplyResourceChange tf_resource_type=harness_platform_secret_file diagnostic_detail=&#34;&#34;&#xA;2025-03-21T00:21:35.024+0530 [WARN]  sdk.helper_resource: Error running Terraform CLI command: test_terraform_path=/opt/homebrew/bin/terraform test_working_directory=/var/folders/xb/l5t2rsc51zx11jdc_dxwbzd80000gp/T/plugintest3478510675 test_name=TestAccDataSourceSecretFile test_step_number=1&#xA;  error=&#xA;  | exit status 1&#xA;  | &#xA;  | Error: 401 Unauthorized&#xA;  | &#xA;  |   with harness_platform_secret_file.test,&#xA;  |   on terraform_plugin_test.tf line 2, in resource &#34;harness_platform_secret_file&#34; &#34;test&#34;:&#xA;  |    2: \tresource &#34;harness_platform_secret_file&#34; &#34;test&#34; {&#xA;  | &#xA;  &#xA;2025-03-21T00:21:35.024+0530 [DEBUG] sdk.helper_resource: Stopping providers: test_terraform_path=/opt/homebrew/bin/terraform test_working_directory=/var/folders/xb/l5t2rsc51zx11jdc_dxwbzd80000gp/T/plugintest3478510675 test_name=TestAccDataSourceSecretFile test_step_number=1&#xA;2025-03-21T00:21:35.025+0530 [ERROR] sdk.helper_resource: Unexpected error: test_name=TestAccDataSourceSecretFile test_step_number=1 test_terraform_path=/opt/homebrew/bin/terraform&#xA;  error=&#xA;  | Error running apply: exit status 1&#xA;  | &#xA;  | Error: 401 Unauthorized&#xA;  | &#xA;  |   with harness_platform_secret_file.test,&#xA;  |   on terraform_plugin_test.tf line 2, in resource &#34;harness_platform_secret_file&#34; &#34;test&#34;:&#xA;  |    2: \tresource &#34;harness_platform_secret_file&#34; &#34;test&#34; {&#xA;  | &#xA;   test_working_directory=/var/folders/xb/l5t2rsc51zx11jdc_dxwbzd80000gp/T/plugintest3478510675&#xA;    file_data_source_test.go:18: Step 1/1 error: Error running apply: exit status 1&#xA;        &#xA;        Error: 401 Unauthorized&#xA;        &#xA;          with harness_platform_secret_file.test,&#xA;          on terraform_plugin_test.tf line 2, in resource &#34;harness_platform_secret_file&#34; &#34;test&#34;:&#xA;           2: &#x9;resource &#34;harness_platform_secret_file&#34; &#34;test&#34; {&#xA;        &#xA;2025-03-21T00:21:35.025+0530 [DEBUG] sdk.helper_resource: Creating sdkv2 provider instance: test_working_directory=/var/folders/xb/l5t2rsc51zx11jdc_dxwbzd80000gp/T/plugintest3478510675 test_name=TestAccDataSourceSecretFile test_step_number=1 tf_provider_addr=registry.terraform.io/hashicorp/harness test_terraform_path=/opt/homebrew/bin/terraform&#xA;2025-03-21T00:21:35.028+0530 [DEBUG] sdk.helper_resource: Created sdkv2 provider instance: test_step_number=1 test_terraform_path=/opt/homebrew/bin/terraform test_working_directory=/var/folders/xb/l5t2rsc51zx11jdc_dxwbzd80000gp/T/plugintest3478510675 test_name=TestAccDataSourceSecretFile tf_provider_addr=registry.terraform.io/hashicorp/harness&#xA;2025-03-21T00:21:35.028+0530 [DEBUG] sdk.helper_resource: Starting sdkv2 provider instance server: test_terraform_path=/opt/homebrew/bin/terraform tf_provider_addr=registry.terraform.io/hashicorp/harness test_working_directory=/var/folders/xb/l5t2rsc51zx11jdc_dxwbzd80000gp/T/plugintest3478510675 test_name=TestAccDataSourceSecretFile test_step_number=1&#xA;2025-03-21T00:21:35.029+0530 [DEBUG] sdk.helper_resource: Started sdkv2 provider instance server: test_step_number=1 test_terraform_path=/opt/homebrew/bin/terraform test_working_directory=/var/folders/xb/l5t2rsc51zx11jdc_dxwbzd80000gp/T/plugintest3478510675 test_name=TestAccDataSourceSecretFile tf_provider_addr=registry.terraform.io/hashicorp/harness&#xA;2025/03/21 00:21:35 [DEBUG] New state was assigned lineage &#34;902c1a69-3788-7b2e-3f01-d92a35d8c221&#34;&#xA;2025-03-21T00:21:35.096+0530 [DEBUG] sdk.helper_resource: Stopping providers: test_terraform_path=/opt/homebrew/bin/terraform test_working_directory=/var/folders/xb/l5t2rsc51zx11jdc_dxwbzd80000gp/T/plugintest3478510675 test_name=TestAccDataSourceSecretFile test_step_number=1&#xA;--- FAIL: TestAccDataSourceSecretFile (0.86s)&#xA;</failure>
		</testcase>
		<testcase classname="github.com/harness/terraform-provider-harness/internal/service/platform/secret" name="TestAccDataSourceSecretFileProjectLevel" time="2.990000">
			<failure message="Failed" type="">=== RUN   TestAccDataSourceSecretFileProjectLevel&#xA;2025-03-21T00:21:35.098+0530 [DEBUG] sdk.helper_resource: Starting TestCase: test_name=TestAccDataSourceSecretFileProjectLevel&#xA;2025-03-21T00:21:35.098+0530 [DEBUG] sdk.helper_resource: Calling TestCase PreCheck: test_name=TestAccDataSourceSecretFileProjectLevel&#xA;2025-03-21T00:21:35.098+0530 [DEBUG] sdk.helper_resource: Called TestCase PreCheck: test_name=TestAccDataSourceSecretFileProjectLevel&#xA;2025-03-21T00:21:35.098+0530 [DEBUG] sdk.helper_resource: Found Terraform CLI: test_name=TestAccDataSourceSecretFileProjectLevel test_terraform_path=/opt/homebrew/bin/terraform&#xA;2025-03-21T00:21:35.126+0530 [DEBUG] sdk.helper_resource: Creating sdkv2 provider instance: test_terraform_path=/opt/homebrew/bin/terraform test_name=TestAccDataSourceSecretFileProjectLevel test_working_directory=/var/folders/xb/l5t2rsc51zx11jdc_dxwbzd80000gp/T/plugintest2861007675 tf_provider_addr=registry.terraform.io/hashicorp/harness&#xA;2025-03-21T00:21:35.129+0530 [DEBUG] sdk.helper_resource: Created sdkv2 provider instance: test_terraform_path=/opt/homebrew/bin/terraform test_name=TestAccDataSourceSecretFileProjectLevel test_working_directory=/var/folders/xb/l5t2rsc51zx11jdc_dxwbzd80000gp/T/plugintest2861007675 tf_provider_addr=registry.terraform.io/hashicorp/harness&#xA;2025-03-21T00:21:35.129+0530 [DEBUG] sdk.helper_resource: Starting sdkv2 provider instance server: test_terraform_path=/opt/homebrew/bin/terraform test_name=TestAccDataSourceSecretFileProjectLevel test_working_directory=/var/folders/xb/l5t2rsc51zx11jdc_dxwbzd80000gp/T/plugintest2861007675 tf_provider_addr=registry.terraform.io/hashicorp/harness&#xA;2025-03-21T00:21:35.130+0530 [DEBUG] sdk.helper_resource: Started sdkv2 provider instance server: test_name=TestAccDataSourceSecretFileProjectLevel test_working_directory=/var/folders/xb/l5t2rsc51zx11jdc_dxwbzd80000gp/T/plugintest2861007675 tf_provider_addr=registry.terraform.io/hashicorp/harness test_terraform_path=/opt/homebrew/bin/terraform&#xA;2025-03-21T00:21:36.874+0530 [DEBUG] sdk.helper_resource: Stopping providers: test_terraform_path=/opt/homebrew/bin/terraform test_name=TestAccDataSourceSecretFileProjectLevel test_working_directory=/var/folders/xb/l5t2rsc51zx11jdc_dxwbzd80000gp/T/plugintest2861007675&#xA;2025-03-21T00:21:36.874+0530 [DEBUG] sdk.helper_resource: Starting TestSteps: test_name=TestAccDataSourceSecretFileProjectLevel test_working_directory=/var/folders/xb/l5t2rsc51zx11jdc_dxwbzd80000gp/T/plugintest2861007675 test_terraform_path=/opt/homebrew/bin/terraform&#xA;2025-03-21T00:21:36.874+0530 [DEBUG] sdk.helper_resource: Starting TestStep: test_step_number=1 test_name=TestAccDataSourceSecretFileProjectLevel test_working_directory=/var/folders/xb/l5t2rsc51zx11jdc_dxwbzd80000gp/T/plugintest2861007675 test_terraform_path=/opt/homebrew/bin/terraform&#xA;2025-03-21T00:21:36.875+0530 [DEBUG] sdk.helper_resource: Creating sdkv2 provider instance: tf_provider_addr=registry.terraform.io/hashicorp/harness test_name=TestAccDataSourceSecretFileProjectLevel test_working_directory=/var/folders/xb/l5t2rsc51zx11jdc_dxwbzd80000gp/T/plugintest2861007675 test_terraform_path=/opt/homebrew/bin/terraform test_step_number=1&#xA;2025-03-21T00:21:36.876+0530 [DEBUG] sdk.helper_resource: Created sdkv2 provider instance: test_step_number=1 test_name=TestAccDataSourceSecretFileProjectLevel test_working_directory=/var/folders/xb/l5t2rsc51zx11jdc_dxwbzd80000gp/T/plugintest2861007675 test_terraform_path=/opt/homebrew/bin/terraform tf_provider_addr=registry.terraform.io/hashicorp/harness&#xA;2025-03-21T00:21:36.876+0530 [DEBUG] sdk.helper_resource: Starting sdkv2 provider instance server: test_step_number=1 tf_provider_addr=registry.terraform.io/hashicorp/harness test_name=TestAccDataSourceSecretFileProjectLevel test_working_directory=/var/folders/xb/l5t2rsc51zx11jdc_dxwbzd80000gp/T/plugintest2861007675 test_terraform_path=/opt/homebrew/bin/terraform&#xA;2025-03-21T00:21:36.876+0530 [DEBUG] sdk.helper_resource: Started sdkv2 provider instance server: test_step_number=1 tf_provider_addr=registry.terraform.io/hashicorp/harness test_name=TestAccDataSourceSecretFileProjectLevel test_working_directory=/var/folders/xb/l5t2rsc51zx11jdc_dxwbzd80000gp/T/plugintest2861007675 test_terraform_path=/opt/homebrew/bin/terraform&#xA;2025/03/21 00:21:37 [WARN] error creating CD client: invalid config: AccountId must be set&#xA;2025-03-21T00:21:37.262+0530 [DEBUG] sdk.helper_resource: Stopping providers: test_name=TestAccDataSourceSecretFileProjectLevel test_working_directory=/var/folders/xb/l5t2rsc51zx11jdc_dxwbzd80000gp/T/plugintest2861007675 test_terraform_path=/opt/homebrew/bin/terraform test_step_number=1&#xA;2025-03-21T00:21:37.263+0530 [DEBUG] sdk.helper_resource: Running Terraform CLI plan and apply: test_name=TestAccDataSourceSecretFileProjectLevel test_working_directory=/var/folders/xb/l5t2rsc51zx11jdc_dxwbzd80000gp/T/plugintest2861007675 test_terraform_path=/opt/homebrew/bin/terraform test_step_number=1&#xA;2025-03-21T00:21:37.263+0530 [DEBUG] sdk.helper_resource: Creating sdkv2 provider instance: tf_provider_addr=registry.terraform.io/hashicorp/harness test_name=TestAccDataSourceSecretFileProjectLevel test_working_directory=/var/folders/xb/l5t2rsc51zx11jdc_dxwbzd80000gp/T/plugintest2861007675 test_terraform_path=/opt/homebrew/bin/terraform test_step_number=1&#xA;2025-03-21T00:21:37.264+0530 [DEBUG] sdk.helper_resource: Created sdkv2 provider instance: test_working_directory=/var/folders/xb/l5t2rsc51zx11jdc_dxwbzd80000gp/T/plugintest2861007675 test_terraform_path=/opt/homebrew/bin/terraform test_step_number=1 test_name=TestAccDataSourceSecretFileProjectLevel tf_provider_addr=registry.terraform.io/hashicorp/harness&#xA;2025-03-21T00:21:37.264+0530 [DEBUG] sdk.helper_resource: Starting sdkv2 provider instance server: tf_provider_addr=registry.terraform.io/hashicorp/harness test_terraform_path=/opt/homebrew/bin/terraform test_step_number=1 test_name=TestAccDataSourceSecretFileProjectLevel test_working_directory=/var/folders/xb/l5t2rsc51zx11jdc_dxwbzd80000gp/T/plugintest2861007675&#xA;2025-03-21T00:21:37.264+0530 [DEBUG] sdk.helper_resource: Started sdkv2 provider instance server: test_working_directory=/var/folders/xb/l5t2rsc51zx11jdc_dxwbzd80000gp/T/plugintest2861007675 test_terraform_path=/opt/homebrew/bin/terraform tf_provider_addr=registry.terraform.io/hashicorp/harness test_step_number=1 test_name=TestAccDataSourceSecretFileProjectLevel&#xA;2025/03/21 00:21:37 [WARN] error creating CD client: invalid config: AccountId must be set&#xA;2025-03-21T00:21:37.425+0530 [DEBUG] sdk.helper_resource: Stopping providers: test_terraform_path=/opt/homebrew/bin/terraform test_step_number=1 test_name=TestAccDataSourceSecretFileProjectLevel test_working_directory=/var/folders/xb/l5t2rsc51zx11jdc_dxwbzd80000gp/T/plugintest2861007675&#xA;2025-03-21T00:21:37.425+0530 [DEBUG] sdk.helper_resource: Creating sdkv2 provider instance: test_working_directory=/var/folders/xb/l5t2rsc51zx11jdc_dxwbzd80000gp/T/plugintest2861007675 test_terraform_path=/opt/homebrew/bin/terraform test_step_number=1 tf_provider_addr=registry.terraform.io/hashicorp/harness test_name=TestAccDataSourceSecretFileProjectLevel&#xA;2025-03-21T00:21:37.427+0530 [DEBUG] sdk.helper_resource: Created sdkv2 provider instance: test_step_number=1 test_name=TestAccDataSourceSecretFileProjectLevel test_working_directory=/var/folders/xb/l5t2rsc51zx11jdc_dxwbzd80000gp/T/plugintest2861007675 test_terraform_path=/opt/homebrew/bin/terraform tf_provider_addr=registry.terraform.io/hashicorp/harness&#xA;2025-03-21T00:21:37.427+0530 [DEBUG] sdk.helper_resource: Starting sdkv2 provider instance server: test_name=TestAccDataSourceSecretFileProjectLevel test_working_directory=/var/folders/xb/l5t2rsc51zx11jdc_dxwbzd80000gp/T/plugintest2861007675 test_terraform_path=/opt/homebrew/bin/terraform test_step_number=1 tf_provider_addr=registry.terraform.io/hashicorp/harness&#xA;2025-03-21T00:21:37.428+0530 [DEBUG] sdk.helper_resource: Started sdkv2 provider instance server: test_terraform_path=/opt/homebrew/bin/terraform test_step_number=1 tf_provider_addr=registry.terraform.io/hashicorp/harness test_name=TestAccDataSourceSecretFileProjectLevel test_working_directory=/var/folders/xb/l5t2rsc51zx11jdc_dxwbzd80000gp/T/plugintest2861007675&#xA;2025/03/21 00:21:37 [DEBUG] New state was assigned lineage &#34;429f4d6a-d21a-a8f1-17d7-9ccbec2bcac9&#34;&#xA;2025-03-21T00:21:37.486+0530 [DEBUG] sdk.helper_resource: Stopping providers: test_name=TestAccDataSourceSecretFileProjectLevel test_working_directory=/var/folders/xb/l5t2rsc51zx11jdc_dxwbzd80000gp/T/plugintest2861007675 test_terraform_path=/opt/homebrew/bin/terraform test_step_number=1&#xA;2025-03-21T00:21:37.486+0530 [DEBUG] sdk.helper_resource: Creating sdkv2 provider instance: test_working_directory=/var/folders/xb/l5t2rsc51zx11jdc_dxwbzd80000gp/T/plugintest2861007675 test_terraform_path=/opt/homebrew/bin/terraform test_step_number=1 test_name=TestAccDataSourceSecretFileProjectLevel tf_provider_addr=registry.terraform.io/hashicorp/harness&#xA;2025-03-21T00:21:37.488+0530 [DEBUG] sdk.helper_resource: Created sdkv2 provider instance: test_name=TestAccDataSourceSecretFileProjectLevel test_working_directory=/var/folders/xb/l5t2rsc51zx11jdc_dxwbzd80000gp/T/plugintest2861007675 test_terraform_path=/opt/homebrew/bin/terraform test_step_number=1 tf_provider_addr=registry.terraform.io/hashicorp/harness&#xA;2025-03-21T00:21:37.488+0530 [DEBUG] sdk.helper_resource: Starting sdkv2 provider instance server: tf_provider_addr=registry.terraform.io/hashicorp/harness test_name=TestAccDataSourceSecretFileProjectLevel test_working_directory=/var/folders/xb/l5t2rsc51zx11jdc_dxwbzd80000gp/T/plugintest2861007675 test_terraform_path=/opt/homebrew/bin/terraform test_step_number=1&#xA;2025-03-21T00:21:37.488+0530 [DEBUG] sdk.helper_resource: Started sdkv2 provider instance server: test_working_directory=/var/folders/xb/l5t2rsc51zx11jdc_dxwbzd80000gp/T/plugintest2861007675 test_terraform_path=/opt/homebrew/bin/terraform test_step_number=1 test_name=TestAccDataSourceSecretFileProjectLevel tf_provider_addr=registry.terraform.io/hashicorp/harness&#xA;2025/03/21 00:21:37 [WARN] error creating CD client: invalid config: AccountId must be set&#xA;2025/03/21 00:21:37 [DEBUG] POST https://app.harness.io/gateway/ng/api/organizations?accountIdentifier=&#xA;2025-03-21 00:21:37 [DEBUG] harness-go-sdk harness-go-sdk API Request Details:&#xA;---[ REQUEST ]---------------------------------------&#xA;POST /gateway/ng/api/organizations?accountIdentifier= HTTP/1.1&#xD;&#xA;Host: app.harness.io&#xD;&#xA;User-Agent: terraform-provider-harness-platform-dev&#xD;&#xA;Content-Length: 133&#xD;&#xA;Accept: application/json&#xD;&#xA;Content-Type: application/json&#xD;&#xA;X-Api-Key: &#xD;&#xA;Accept-Encoding: gzip&#xD;&#xA;&#xD;&#xA;{&#xA; &#34;organization&#34;: {&#xA;  &#34;identifier&#34;: &#34;TestAccDataSourceSecretFileProjectLevel_5nGu&#34;,&#xA;  &#34;name&#34;: &#34;TestAccDataSourceSecretFileProjectLevel_5nGu&#34;&#xA; }&#xA;}&#xA;&#xA;-----------------------------------------------------&#xA;2025-03-21 00:21:37 [DEBUG] harness-go-sdk harness-go-sdk API Response Details:&#xA;---[ RESPONSE ]--------------------------------------&#xA;HTTP/2.0 401 Unauthorized&#xD;&#xA;Connection: close&#xD;&#xA;Alt-Svc: h3=&#34;:443&#34;; ma=2592000,h3-29=&#34;:443&#34;; ma=2592000&#xD;&#xA;Cache-Control: no-store&#xD;&#xA;Date: Thu, 20 Mar 2025 18:51:37 GMT&#xD;&#xA;Referrer-Policy: no-referrer&#xD;&#xA;Set-Cookie: token=dummy; Path=/; Max-Age=0; Expires=Thu, 01 Jan 1970 00:00:00 GMT; Secure; HttpOnly; SameSite=Strict&#xD;&#xA;Set-Cookie: token=dummy; Path=/; Domain=.harness.io; Max-Age=0; Expires=Thu, 01 Jan 1970 00:00:00 GMT; Secure; HttpOnly; SameSite=Strict&#xD;&#xA;Set-Cookie: harness_email=dummy; Path=/; Domain=.harness.io; Max-Age=0; Expires=Thu, 01 Jan 1970 00:00:00 GMT; Secure&#xD;&#xA;Set-Cookie: harness_lastTokenSetTime=0; Path=/; Domain=.harness.io; Max-Age=0; Expires=Thu, 01 Jan 1970 00:00:00 GMT; Secure&#xD;&#xA;Strict-Transport-Security: max-age=31536000 ; includeSubDomains&#xD;&#xA;Via: 1.1 google&#xD;&#xA;&#xD;&#xA;&lt;!DOCTYPE html&gt;&#xA;&lt;html lang=&#34;en&#34;&gt;&#xA;    &lt;head&gt;&#xA;        &lt;meta charset=&#34;UTF-8&#34;&gt;&#xA;        &lt;title&gt;Harness Redirect&lt;/title&gt;&#xA;        &lt;script type=&#34;application/javascript&#34;&gt;&#xA;            function redirectPage() {&#xA;                const signInPath = &#34;auth/#/signin&#34;;&#xA;                const returnUrl = encodeURIComponent(window.location.href);&#xA;&#xA;                var redirectUrlBase = `${window.location.origin}/${signInPath}`;&#xA;                if (window.location.hash.split(&#34;/&#34;).includes(&#34;account&#34;)) {&#xA;                    redirectUrlBase = `${redirectUrlBase}?returnUrl=${returnUrl}`;&#xA;                }&#xA;&#xA;                window.location.href = redirectUrlBase;&#xA;            }&#xA;        &lt;/script&gt;&#xA;    &lt;/head&gt;&#xA;    &lt;body onload=&#34;redirectPage()&#34;&gt;&#xA;        Redirecting...&#xA;    &lt;/body&gt;&#xA;&lt;/html&gt;&#xA;-----------------------------------------------------&#xA;2025-03-21T00:21:37.954+0530 [ERROR] sdk.proto: Response contains error diagnostic: tf_proto_version=5.3 tf_resource_type=harness_platform_organization tf_rpc=ApplyResourceChange tf_req_id=25d91db8-535b-bb54-a91c-ec2b1cc8d859 diagnostic_detail=&#34;&#34; diagnostic_severity=ERROR&#xA;  diagnostic_summary=&#xA;  | 401 Unauthorized&#xA;  | Hint:&#xA;  | 1) Please check if token has expired or is wrong.&#xA;  | 2) Harness Provider is misconfigured. For firstgen resources please give the correct api_key and for nextgen resources please give the correct platform_api_key.&#xA;   tf_provider_addr=registry.terraform.io/hashicorp/harness&#xA;2025-03-21T00:21:37.976+0530 [WARN]  sdk.helper_resource: Error running Terraform CLI command: test_working_directory=/var/folders/xb/l5t2rsc51zx11jdc_dxwbzd80000gp/T/plugintest2861007675 test_terraform_path=/opt/homebrew/bin/terraform&#xA;  error=&#xA;  | exit status 1&#xA;  | &#xA;  | Error: 401 Unauthorized&#xA;  | Hint:&#xA;  | 1) Please check if token has expired or is wrong.&#xA;  | 2) Harness Provider is misconfigured. For firstgen resources please give the correct api_key and for nextgen resources please give the correct platform_api_key.&#xA;  | &#xA;  |   with harness_platform_organization.test,&#xA;  |   on terraform_plugin_test.tf line 3, in resource &#34;harness_platform_organization&#34; &#34;test&#34;:&#xA;  |    3: \tresource &#34;harness_platform_organization&#34; &#34;test&#34; {&#xA;  | &#xA;   test_step_number=1 test_name=TestAccDataSourceSecretFileProjectLevel&#xA;2025-03-21T00:21:37.976+0530 [DEBUG] sdk.helper_resource: Stopping providers: test_name=TestAccDataSourceSecretFileProjectLevel test_working_directory=/var/folders/xb/l5t2rsc51zx11jdc_dxwbzd80000gp/T/plugintest2861007675 test_terraform_path=/opt/homebrew/bin/terraform test_step_number=1&#xA;2025-03-21T00:21:37.977+0530 [ERROR] sdk.helper_resource: Unexpected error: test_terraform_path=/opt/homebrew/bin/terraform test_step_number=1 test_name=TestAccDataSourceSecretFileProjectLevel test_working_directory=/var/folders/xb/l5t2rsc51zx11jdc_dxwbzd80000gp/T/plugintest2861007675&#xA;  error=&#xA;  | Error running apply: exit status 1&#xA;  | &#xA;  | Error: 401 Unauthorized&#xA;  | Hint:&#xA;  | 1) Please check if token has expired or is wrong.&#xA;  | 2) Harness Provider is misconfigured. For firstgen resources please give the correct api_key and for nextgen resources please give the correct platform_api_key.&#xA;  | &#xA;  |   with harness_platform_organization.test,&#xA;  |   on terraform_plugin_test.tf line 3, in resource &#34;harness_platform_organization&#34; &#34;test&#34;:&#xA;  |    3: \tresource &#34;harness_platform_organization&#34; &#34;test&#34; {&#xA;  | &#xA;  &#xA;    file_data_source_test.go:41: Step 1/1 error: Error running apply: exit status 1&#xA;        &#xA;        Error: 401 Unauthorized&#xA;        Hint:&#xA;        1) Please check if token has expired or is wrong.&#xA;        2) Harness Provider is misconfigured. For firstgen resources please give the correct api_key and for nextgen resources please give the correct platform_api_key.&#xA;        &#xA;          with harness_platform_organization.test,&#xA;          on terraform_plugin_test.tf line 3, in resource &#34;harness_platform_organization&#34; &#34;test&#34;:&#xA;           3: &#x9;resource &#34;harness_platform_organization&#34; &#34;test&#34; {&#xA;        &#xA;2025-03-21T00:21:37.977+0530 [DEBUG] sdk.helper_resource: Creating sdkv2 provider instance: test_name=TestAccDataSourceSecretFileProjectLevel test_working_directory=/var/folders/xb/l5t2rsc51zx11jdc_dxwbzd80000gp/T/plugintest2861007675 test_terraform_path=/opt/homebrew/bin/terraform test_step_number=1 tf_provider_addr=registry.terraform.io/hashicorp/harness&#xA;2025-03-21T00:21:37.979+0530 [DEBUG] sdk.helper_resource: Created sdkv2 provider instance: test_name=TestAccDataSourceSecretFileProjectLevel test_working_directory=/var/folders/xb/l5t2rsc51zx11jdc_dxwbzd80000gp/T/plugintest2861007675 test_terraform_path=/opt/homebrew/bin/terraform test_step_number=1 tf_provider_addr=registry.terraform.io/hashicorp/harness&#xA;2025-03-21T00:21:37.979+0530 [DEBUG] sdk.helper_resource: Starting sdkv2 provider instance server: test_terraform_path=/opt/homebrew/bin/terraform test_step_number=1 tf_provider_addr=registry.terraform.io/hashicorp/harness test_name=TestAccDataSourceSecretFileProjectLevel test_working_directory=/var/folders/xb/l5t2rsc51zx11jdc_dxwbzd80000gp/T/plugintest2861007675&#xA;2025-03-21T00:21:37.980+0530 [DEBUG] sdk.helper_resource: Started sdkv2 provider instance server: test_working_directory=/var/folders/xb/l5t2rsc51zx11jdc_dxwbzd80000gp/T/plugintest2861007675 test_terraform_path=/opt/homebrew/bin/terraform test_step_number=1 test_name=TestAccDataSourceSecretFileProjectLevel tf_provider_addr=registry.terraform.io/hashicorp/harness&#xA;2025/03/21 00:21:38 [DEBUG] New state was assigned lineage &#34;cf3d22e0-fd07-6931-0285-c8df9dbd09a3&#34;&#xA;2025-03-21T00:21:38.081+0530 [DEBUG] sdk.helper_resource: Stopping providers: test_working_directory=/var/folders/xb/l5t2rsc51zx11jdc_dxwbzd80000gp/T/plugintest2861007675 test_terraform_path=/opt/homebrew/bin/terraform test_step_number=1 test_name=TestAccDataSourceSecretFileProjectLevel&#xA;--- FAIL: TestAccDataSourceSecretFileProjectLevel (2.99s)&#xA;</failure>
		</testcase>
		<testcase classname="github.com/harness/terraform-provider-harness/internal/service/platform/secret" name="TestAccDataSourceSecretFileOrgLevel" time="5.230000">
			<failure message="Failed" type="">=== RUN   TestAccDataSourceSecretFileOrgLevel&#xA;2025-03-21T00:21:38.084+0530 [DEBUG] sdk.helper_resource: Starting TestCase: test_name=TestAccDataSourceSecretFileOrgLevel&#xA;2025-03-21T00:21:38.084+0530 [DEBUG] sdk.helper_resource: Calling TestCase PreCheck: test_name=TestAccDataSourceSecretFileOrgLevel&#xA;2025-03-21T00:21:38.084+0530 [DEBUG] sdk.helper_resource: Called TestCase PreCheck: test_name=TestAccDataSourceSecretFileOrgLevel&#xA;2025-03-21T00:21:38.084+0530 [DEBUG] sdk.helper_resource: Found Terraform CLI: test_name=TestAccDataSourceSecretFileOrgLevel test_terraform_path=/opt/homebrew/bin/terraform&#xA;2025-03-21T00:21:38.107+0530 [DEBUG] sdk.helper_resource: Creating sdkv2 provider instance: tf_provider_addr=registry.terraform.io/hashicorp/harness test_name=TestAccDataSourceSecretFileOrgLevel test_terraform_path=/opt/homebrew/bin/terraform test_working_directory=/var/folders/xb/l5t2rsc51zx11jdc_dxwbzd80000gp/T/plugintest860380506&#xA;2025-03-21T00:21:38.108+0530 [DEBUG] sdk.helper_resource: Created sdkv2 provider instance: test_working_directory=/var/folders/xb/l5t2rsc51zx11jdc_dxwbzd80000gp/T/plugintest860380506 tf_provider_addr=registry.terraform.io/hashicorp/harness test_name=TestAccDataSourceSecretFileOrgLevel test_terraform_path=/opt/homebrew/bin/terraform&#xA;2025-03-21T00:21:38.108+0530 [DEBUG] sdk.helper_resource: Starting sdkv2 provider instance server: test_name=TestAccDataSourceSecretFileOrgLevel tf_provider_addr=registry.terraform.io/hashicorp/harness test_terraform_path=/opt/homebrew/bin/terraform test_working_directory=/var/folders/xb/l5t2rsc51zx11jdc_dxwbzd80000gp/T/plugintest860380506&#xA;2025-03-21T00:21:38.109+0530 [DEBUG] sdk.helper_resource: Started sdkv2 provider instance server: test_working_directory=/var/folders/xb/l5t2rsc51zx11jdc_dxwbzd80000gp/T/plugintest860380506 tf_provider_addr=registry.terraform.io/hashicorp/harness test_name=TestAccDataSourceSecretFileOrgLevel test_terraform_path=/opt/homebrew/bin/terraform&#xA;2025-03-21T00:21:42.110+0530 [DEBUG] sdk.helper_resource: Stopping providers: test_terraform_path=/opt/homebrew/bin/terraform test_working_directory=/var/folders/xb/l5t2rsc51zx11jdc_dxwbzd80000gp/T/plugintest860380506 test_name=TestAccDataSourceSecretFileOrgLevel&#xA;2025-03-21T00:21:42.111+0530 [DEBUG] sdk.helper_resource: Starting TestSteps: test_name=TestAccDataSourceSecretFileOrgLevel test_terraform_path=/opt/homebrew/bin/terraform test_working_directory=/var/folders/xb/l5t2rsc51zx11jdc_dxwbzd80000gp/T/plugintest860380506&#xA;2025-03-21T00:21:42.111+0530 [DEBUG] sdk.helper_resource: Starting TestStep: test_name=TestAccDataSourceSecretFileOrgLevel test_terraform_path=/opt/homebrew/bin/terraform test_working_directory=/var/folders/xb/l5t2rsc51zx11jdc_dxwbzd80000gp/T/plugintest860380506 test_step_number=1&#xA;2025-03-21T00:21:42.111+0530 [DEBUG] sdk.helper_resource: Creating sdkv2 provider instance: test_terraform_path=/opt/homebrew/bin/terraform test_working_directory=/var/folders/xb/l5t2rsc51zx11jdc_dxwbzd80000gp/T/plugintest860380506 test_step_number=1 test_name=TestAccDataSourceSecretFileOrgLevel tf_provider_addr=registry.terraform.io/hashicorp/harness&#xA;2025-03-21T00:21:42.113+0530 [DEBUG] sdk.helper_resource: Created sdkv2 provider instance: test_step_number=1 test_name=TestAccDataSourceSecretFileOrgLevel test_terraform_path=/opt/homebrew/bin/terraform test_working_directory=/var/folders/xb/l5t2rsc51zx11jdc_dxwbzd80000gp/T/plugintest860380506 tf_provider_addr=registry.terraform.io/hashicorp/harness&#xA;2025-03-21T00:21:42.113+0530 [DEBUG] sdk.helper_resource: Starting sdkv2 provider instance server: test_name=TestAccDataSourceSecretFileOrgLevel test_terraform_path=/opt/homebrew/bin/terraform test_working_directory=/var/folders/xb/l5t2rsc51zx11jdc_dxwbzd80000gp/T/plugintest860380506 test_step_number=1 tf_provider_addr=registry.terraform.io/hashicorp/harness&#xA;2025-03-21T00:21:42.113+0530 [DEBUG] sdk.helper_resource: Started sdkv2 provider instance server: tf_provider_addr=registry.terraform.io/hashicorp/harness test_step_number=1 test_name=TestAccDataSourceSecretFileOrgLevel test_terraform_path=/opt/homebrew/bin/terraform test_working_directory=/var/folders/xb/l5t2rsc51zx11jdc_dxwbzd80000gp/T/plugintest860380506&#xA;2025/03/21 00:21:42 [WARN] error creating CD client: invalid config: AccountId must be set&#xA;2025-03-21T00:21:42.515+0530 [DEBUG] sdk.helper_resource: Stopping providers: test_name=TestAccDataSourceSecretFileOrgLevel test_terraform_path=/opt/homebrew/bin/terraform test_working_directory=/var/folders/xb/l5t2rsc51zx11jdc_dxwbzd80000gp/T/plugintest860380506 test_step_number=1&#xA;2025-03-21T00:21:42.516+0530 [DEBUG] sdk.helper_resource: Running Terraform CLI plan and apply: test_step_number=1 test_name=TestAccDataSourceSecretFileOrgLevel test_terraform_path=/opt/homebrew/bin/terraform test_working_directory=/var/folders/xb/l5t2rsc51zx11jdc_dxwbzd80000gp/T/plugintest860380506&#xA;2025-03-21T00:21:42.516+0530 [DEBUG] sdk.helper_resource: Creating sdkv2 provider instance: tf_provider_addr=registry.terraform.io/hashicorp/harness test_step_number=1 test_name=TestAccDataSourceSecretFileOrgLevel test_terraform_path=/opt/homebrew/bin/terraform test_working_directory=/var/folders/xb/l5t2rsc51zx11jdc_dxwbzd80000gp/T/plugintest860380506&#xA;2025-03-21T00:21:42.517+0530 [DEBUG] sdk.helper_resource: Created sdkv2 provider instance: test_working_directory=/var/folders/xb/l5t2rsc51zx11jdc_dxwbzd80000gp/T/plugintest860380506 test_step_number=1 tf_provider_addr=registry.terraform.io/hashicorp/harness test_name=TestAccDataSourceSecretFileOrgLevel test_terraform_path=/opt/homebrew/bin/terraform&#xA;2025-03-21T00:21:42.517+0530 [DEBUG] sdk.helper_resource: Starting sdkv2 provider instance server: test_step_number=1 test_name=TestAccDataSourceSecretFileOrgLevel test_terraform_path=/opt/homebrew/bin/terraform test_working_directory=/var/folders/xb/l5t2rsc51zx11jdc_dxwbzd80000gp/T/plugintest860380506 tf_provider_addr=registry.terraform.io/hashicorp/harness&#xA;2025-03-21T00:21:42.517+0530 [DEBUG] sdk.helper_resource: Started sdkv2 provider instance server: test_name=TestAccDataSourceSecretFileOrgLevel test_terraform_path=/opt/homebrew/bin/terraform test_working_directory=/var/folders/xb/l5t2rsc51zx11jdc_dxwbzd80000gp/T/plugintest860380506 test_step_number=1 tf_provider_addr=registry.terraform.io/hashicorp/harness&#xA;2025/03/21 00:21:42 [WARN] error creating CD client: invalid config: AccountId must be set&#xA;2025-03-21T00:21:42.674+0530 [DEBUG] sdk.helper_resource: Stopping providers: test_name=TestAccDataSourceSecretFileOrgLevel test_terraform_path=/opt/homebrew/bin/terraform test_working_directory=/var/folders/xb/l5t2rsc51zx11jdc_dxwbzd80000gp/T/plugintest860380506 test_step_number=1&#xA;2025-03-21T00:21:42.674+0530 [DEBUG] sdk.helper_resource: Creating sdkv2 provider instance: test_working_directory=/var/folders/xb/l5t2rsc51zx11jdc_dxwbzd80000gp/T/plugintest860380506 test_step_number=1 test_name=TestAccDataSourceSecretFileOrgLevel test_terraform_path=/opt/homebrew/bin/terraform tf_provider_addr=registry.terraform.io/hashicorp/harness&#xA;2025-03-21T00:21:42.676+0530 [DEBUG] sdk.helper_resource: Created sdkv2 provider instance: tf_provider_addr=registry.terraform.io/hashicorp/harness test_name=TestAccDataSourceSecretFileOrgLevel test_terraform_path=/opt/homebrew/bin/terraform test_working_directory=/var/folders/xb/l5t2rsc51zx11jdc_dxwbzd80000gp/T/plugintest860380506 test_step_number=1&#xA;2025-03-21T00:21:42.676+0530 [DEBUG] sdk.helper_resource: Starting sdkv2 provider instance server: test_step_number=1 tf_provider_addr=registry.terraform.io/hashicorp/harness test_name=TestAccDataSourceSecretFileOrgLevel test_terraform_path=/opt/homebrew/bin/terraform test_working_directory=/var/folders/xb/l5t2rsc51zx11jdc_dxwbzd80000gp/T/plugintest860380506&#xA;2025-03-21T00:21:42.676+0530 [DEBUG] sdk.helper_resource: Started sdkv2 provider instance server: test_terraform_path=/opt/homebrew/bin/terraform test_working_directory=/var/folders/xb/l5t2rsc51zx11jdc_dxwbzd80000gp/T/plugintest860380506 test_step_number=1 tf_provider_addr=registry.terraform.io/hashicorp/harness test_name=TestAccDataSourceSecretFileOrgLevel&#xA;2025/03/21 00:21:42 [DEBUG] New state was assigned lineage &#34;1fd870b4-4090-5e95-425f-965ca04e8c62&#34;&#xA;2025-03-21T00:21:42.754+0530 [DEBUG] sdk.helper_resource: Stopping providers: test_terraform_path=/opt/homebrew/bin/terraform test_working_directory=/var/folders/xb/l5t2rsc51zx11jdc_dxwbzd80000gp/T/plugintest860380506 test_step_number=1 test_name=TestAccDataSourceSecretFileOrgLevel&#xA;2025-03-21T00:21:42.754+0530 [DEBUG] sdk.helper_resource: Creating sdkv2 provider instance: test_name=TestAccDataSourceSecretFileOrgLevel test_terraform_path=/opt/homebrew/bin/terraform test_working_directory=/var/folders/xb/l5t2rsc51zx11jdc_dxwbzd80000gp/T/plugintest860380506 test_step_number=1 tf_provider_addr=registry.terraform.io/hashicorp/harness&#xA;2025-03-21T00:21:42.756+0530 [DEBUG] sdk.helper_resource: Created sdkv2 provider instance: test_terraform_path=/opt/homebrew/bin/terraform test_working_directory=/var/folders/xb/l5t2rsc51zx11jdc_dxwbzd80000gp/T/plugintest860380506 test_step_number=1 tf_provider_addr=registry.terraform.io/hashicorp/harness test_name=TestAccDataSourceSecretFileOrgLevel&#xA;2025-03-21T00:21:42.756+0530 [DEBUG] sdk.helper_resource: Starting sdkv2 provider instance server: test_step_number=1 test_name=TestAccDataSourceSecretFileOrgLevel test_terraform_path=/opt/homebrew/bin/terraform test_working_directory=/var/folders/xb/l5t2rsc51zx11jdc_dxwbzd80000gp/T/plugintest860380506 tf_provider_addr=registry.terraform.io/hashicorp/harness&#xA;2025-03-21T00:21:42.757+0530 [DEBUG] sdk.helper_resource: Started sdkv2 provider instance server: test_working_directory=/var/folders/xb/l5t2rsc51zx11jdc_dxwbzd80000gp/T/plugintest860380506 test_step_number=1 tf_provider_addr=registry.terraform.io/hashicorp/harness test_name=TestAccDataSourceSecretFileOrgLevel test_terraform_path=/opt/homebrew/bin/terraform&#xA;2025/03/21 00:21:42 [WARN] error creating CD client: invalid config: AccountId must be set&#xA;2025/03/21 00:21:42 [DEBUG] POST https://app.harness.io/gateway/ng/api/organizations?accountIdentifier=&#xA;2025-03-21 00:21:42 [DEBUG] harness-go-sdk harness-go-sdk API Request Details:&#xA;---[ REQUEST ]---------------------------------------&#xA;POST /gateway/ng/api/organizations?accountIdentifier= HTTP/1.1&#xD;&#xA;Host: app.harness.io&#xD;&#xA;User-Agent: terraform-provider-harness-platform-dev&#xD;&#xA;Content-Length: 125&#xD;&#xA;Accept: application/json&#xD;&#xA;Content-Type: application/json&#xD;&#xA;X-Api-Key: &#xD;&#xA;Accept-Encoding: gzip&#xD;&#xA;&#xD;&#xA;{&#xA; &#34;organization&#34;: {&#xA;  &#34;identifier&#34;: &#34;TestAccDataSourceSecretFileOrgLevel_LSPu&#34;,&#xA;  &#34;name&#34;: &#34;TestAccDataSourceSecretFileOrgLevel_LSPu&#34;&#xA; }&#xA;}&#xA;&#xA;-----------------------------------------------------&#xA;2025-03-21 00:21:43 [DEBUG] harness-go-sdk harness-go-sdk API Response Details:&#xA;---[ RESPONSE ]--------------------------------------&#xA;HTTP/2.0 401 Unauthorized&#xD;&#xA;Connection: close&#xD;&#xA;Alt-Svc: h3=&#34;:443&#34;; ma=2592000,h3-29=&#34;:443&#34;; ma=2592000&#xD;&#xA;Cache-Control: no-store&#xD;&#xA;Date: Thu, 20 Mar 2025 18:51:43 GMT&#xD;&#xA;Referrer-Policy: no-referrer&#xD;&#xA;Set-Cookie: token=dummy; Path=/; Max-Age=0; Expires=Thu, 01 Jan 1970 00:00:00 GMT; Secure; HttpOnly; SameSite=Strict&#xD;&#xA;Set-Cookie: token=dummy; Path=/; Domain=.harness.io; Max-Age=0; Expires=Thu, 01 Jan 1970 00:00:00 GMT; Secure; HttpOnly; SameSite=Strict&#xD;&#xA;Set-Cookie: harness_email=dummy; Path=/; Domain=.harness.io; Max-Age=0; Expires=Thu, 01 Jan 1970 00:00:00 GMT; Secure&#xD;&#xA;Set-Cookie: harness_lastTokenSetTime=0; Path=/; Domain=.harness.io; Max-Age=0; Expires=Thu, 01 Jan 1970 00:00:00 GMT; Secure&#xD;&#xA;Strict-Transport-Security: max-age=31536000 ; includeSubDomains&#xD;&#xA;Via: 1.1 google&#xD;&#xA;&#xD;&#xA;&lt;!DOCTYPE html&gt;&#xA;&lt;html lang=&#34;en&#34;&gt;&#xA;    &lt;head&gt;&#xA;        &lt;meta charset=&#34;UTF-8&#34;&gt;&#xA;        &lt;title&gt;Harness Redirect&lt;/title&gt;&#xA;        &lt;script type=&#34;application/javascript&#34;&gt;&#xA;            function redirectPage() {&#xA;                const signInPath = &#34;auth/#/signin&#34;;&#xA;                const returnUrl = encodeURIComponent(window.location.href);&#xA;&#xA;                var redirectUrlBase = `${window.location.origin}/${signInPath}`;&#xA;                if (window.location.hash.split(&#34;/&#34;).includes(&#34;account&#34;)) {&#xA;                    redirectUrlBase = `${redirectUrlBase}?returnUrl=${returnUrl}`;&#xA;                }&#xA;&#xA;                window.location.href = redirectUrlBase;&#xA;            }&#xA;        &lt;/script&gt;&#xA;    &lt;/head&gt;&#xA;    &lt;body onload=&#34;redirectPage()&#34;&gt;&#xA;        Redirecting...&#xA;    &lt;/body&gt;&#xA;&lt;/html&gt;&#xA;-----------------------------------------------------&#xA;2025-03-21T00:21:43.200+0530 [ERROR] sdk.proto: Response contains error diagnostic: diagnostic_severity=ERROR tf_provider_addr=registry.terraform.io/hashicorp/harness tf_proto_version=5.3 tf_req_id=8f535984-d17e-83d2-d055-38b886c75476 tf_rpc=ApplyResourceChange tf_resource_type=harness_platform_organization&#xA;  diagnostic_summary=&#xA;  | 401 Unauthorized&#xA;  | Hint:&#xA;  | 1) Please check if token has expired or is wrong.&#xA;  | 2) Harness Provider is misconfigured. For firstgen resources please give the correct api_key and for nextgen resources please give the correct platform_api_key.&#xA;   diagnostic_detail=&#34;&#34;&#xA;2025-03-21T00:21:43.225+0530 [WARN]  sdk.helper_resource: Error running Terraform CLI command: test_step_number=1 test_name=TestAccDataSourceSecretFileOrgLevel test_terraform_path=/opt/homebrew/bin/terraform test_working_directory=/var/folders/xb/l5t2rsc51zx11jdc_dxwbzd80000gp/T/plugintest860380506&#xA;  error=&#xA;  | exit status 1&#xA;  | &#xA;  | Error: 401 Unauthorized&#xA;  | Hint:&#xA;  | 1) Please check if token has expired or is wrong.&#xA;  | 2) Harness Provider is misconfigured. For firstgen resources please give the correct api_key and for nextgen resources please give the correct platform_api_key.&#xA;  | &#xA;  |   with harness_platform_organization.test,&#xA;  |   on terraform_plugin_test.tf line 3, in resource &#34;harness_platform_organization&#34; &#34;test&#34;:&#xA;  |    3: \tresource &#34;harness_platform_organization&#34; &#34;test&#34; {&#xA;  | &#xA;  &#xA;2025-03-21T00:21:43.225+0530 [DEBUG] sdk.helper_resource: Stopping providers: test_name=TestAccDataSourceSecretFileOrgLevel test_terraform_path=/opt/homebrew/bin/terraform test_working_directory=/var/folders/xb/l5t2rsc51zx11jdc_dxwbzd80000gp/T/plugintest860380506 test_step_number=1&#xA;2025-03-21T00:21:43.225+0530 [ERROR] sdk.helper_resource: Unexpected error: test_working_directory=/var/folders/xb/l5t2rsc51zx11jdc_dxwbzd80000gp/T/plugintest860380506 test_step_number=1&#xA;  error=&#xA;  | Error running apply: exit status 1&#xA;  | &#xA;  | Error: 401 Unauthorized&#xA;  | Hint:&#xA;  | 1) Please check if token has expired or is wrong.&#xA;  | 2) Harness Provider is misconfigured. For firstgen resources please give the correct api_key and for nextgen resources please give the correct platform_api_key.&#xA;  | &#xA;  |   with harness_platform_organization.test,&#xA;  |   on terraform_plugin_test.tf line 3, in resource &#34;harness_platform_organization&#34; &#34;test&#34;:&#xA;  |    3: \tresource &#34;harness_platform_organization&#34; &#34;test&#34; {&#xA;  | &#xA;   test_name=TestAccDataSourceSecretFileOrgLevel test_terraform_path=/opt/homebrew/bin/terraform&#xA;    file_data_source_test.go:69: Step 1/1 error: Error running apply: exit status 1&#xA;        &#xA;        Error: 401 Unauthorized&#xA;        Hint:&#xA;        1) Please check if token has expired or is wrong.&#xA;        2) Harness Provider is misconfigured. For firstgen resources please give the correct api_key and for nextgen resources please give the correct platform_api_key.&#xA;        &#xA;          with harness_platform_organization.test,&#xA;          on terraform_plugin_test.tf line 3, in resource &#34;harness_platform_organization&#34; &#34;test&#34;:&#xA;           3: &#x9;resource &#34;harness_platform_organization&#34; &#34;test&#34; {&#xA;        &#xA;2025-03-21T00:21:43.225+0530 [DEBUG] sdk.helper_resource: Creating sdkv2 provider instance: test_step_number=1 test_name=TestAccDataSourceSecretFileOrgLevel test_terraform_path=/opt/homebrew/bin/terraform test_working_directory=/var/folders/xb/l5t2rsc51zx11jdc_dxwbzd80000gp/T/plugintest860380506 tf_provider_addr=registry.terraform.io/hashicorp/harness&#xA;2025-03-21T00:21:43.227+0530 [DEBUG] sdk.helper_resource: Created sdkv2 provider instance: test_terraform_path=/opt/homebrew/bin/terraform test_working_directory=/var/folders/xb/l5t2rsc51zx11jdc_dxwbzd80000gp/T/plugintest860380506 test_step_number=1 tf_provider_addr=registry.terraform.io/hashicorp/harness test_name=TestAccDataSourceSecretFileOrgLevel&#xA;2025-03-21T00:21:43.227+0530 [DEBUG] sdk.helper_resource: Starting sdkv2 provider instance server: test_terraform_path=/opt/homebrew/bin/terraform test_working_directory=/var/folders/xb/l5t2rsc51zx11jdc_dxwbzd80000gp/T/plugintest860380506 test_step_number=1 tf_provider_addr=registry.terraform.io/hashicorp/harness test_name=TestAccDataSourceSecretFileOrgLevel&#xA;2025-03-21T00:21:43.228+0530 [DEBUG] sdk.helper_resource: Started sdkv2 provider instance server: tf_provider_addr=registry.terraform.io/hashicorp/harness test_working_directory=/var/folders/xb/l5t2rsc51zx11jdc_dxwbzd80000gp/T/plugintest860380506 test_step_number=1 test_name=TestAccDataSourceSecretFileOrgLevel test_terraform_path=/opt/homebrew/bin/terraform&#xA;2025/03/21 00:21:43 [DEBUG] New state was assigned lineage &#34;04df668e-c99c-0708-b56e-d8d0544affdd&#34;&#xA;2025-03-21T00:21:43.310+0530 [DEBUG] sdk.helper_resource: Stopping providers: test_name=TestAccDataSourceSecretFileOrgLevel test_terraform_path=/opt/homebrew/bin/terraform test_working_directory=/var/folders/xb/l5t2rsc51zx11jdc_dxwbzd80000gp/T/plugintest860380506 test_step_number=1&#xA;--- FAIL: TestAccDataSourceSecretFileOrgLevel (5.23s)&#xA;</failure>
		</testcase>
		<testcase classname="github.com/harness/terraform-provider-harness/internal/service/platform/secret" name="TestAccSecretFile" time="0.790000">
			<failure message="Failed" type="">=== RUN   TestAccSecretFile&#xA;2025-03-21T00:21:43.313+0530 [DEBUG] sdk.helper_resource: Starting TestCase: test_name=TestAccSecretFile&#xA;2025-03-21T00:21:43.313+0530 [DEBUG] sdk.helper_resource: Calling TestCase PreCheck: test_name=TestAccSecretFile&#xA;2025-03-21T00:21:43.313+0530 [DEBUG] sdk.helper_resource: Called TestCase PreCheck: test_name=TestAccSecretFile&#xA;2025-03-21T00:21:43.313+0530 [DEBUG] sdk.helper_resource: Found Terraform CLI: test_name=TestAccSecretFile test_terraform_path=/opt/homebrew/bin/terraform&#xA;2025-03-21T00:21:43.332+0530 [DEBUG] sdk.helper_resource: Creating sdkv2 provider instance: tf_provider_addr=registry.terraform.io/hashicorp/harness test_name=TestAccSecretFile test_terraform_path=/opt/homebrew/bin/terraform test_working_directory=/var/folders/xb/l5t2rsc51zx11jdc_dxwbzd80000gp/T/plugintest1422908476&#xA;2025-03-21T00:21:43.333+0530 [DEBUG] sdk.helper_resource: Created sdkv2 provider instance: test_name=TestAccSecretFile test_terraform_path=/opt/homebrew/bin/terraform test_working_directory=/var/folders/xb/l5t2rsc51zx11jdc_dxwbzd80000gp/T/plugintest1422908476 tf_provider_addr=registry.terraform.io/hashicorp/harness&#xA;2025-03-21T00:21:43.333+0530 [DEBUG] sdk.helper_resource: Starting sdkv2 provider instance server: test_name=TestAccSecretFile test_terraform_path=/opt/homebrew/bin/terraform test_working_directory=/var/folders/xb/l5t2rsc51zx11jdc_dxwbzd80000gp/T/plugintest1422908476 tf_provider_addr=registry.terraform.io/hashicorp/harness&#xA;2025-03-21T00:21:43.333+0530 [DEBUG] sdk.helper_resource: Started sdkv2 provider instance server: test_name=TestAccSecretFile test_terraform_path=/opt/homebrew/bin/terraform test_working_directory=/var/folders/xb/l5t2rsc51zx11jdc_dxwbzd80000gp/T/plugintest1422908476 tf_provider_addr=registry.terraform.io/hashicorp/harness&#xA;2025-03-21T00:21:43.351+0530 [DEBUG] sdk.helper_resource: Stopping providers: test_name=TestAccSecretFile test_terraform_path=/opt/homebrew/bin/terraform test_working_directory=/var/folders/xb/l5t2rsc51zx11jdc_dxwbzd80000gp/T/plugintest1422908476&#xA;2025-03-21T00:21:43.352+0530 [DEBUG] sdk.helper_resource: Starting TestSteps: test_terraform_path=/opt/homebrew/bin/terraform test_working_directory=/var/folders/xb/l5t2rsc51zx11jdc_dxwbzd80000gp/T/plugintest1422908476 test_name=TestAccSecretFile&#xA;2025-03-21T00:21:43.352+0530 [DEBUG] sdk.helper_resource: Starting TestStep: test_working_directory=/var/folders/xb/l5t2rsc51zx11jdc_dxwbzd80000gp/T/plugintest1422908476 test_step_number=1 test_name=TestAccSecretFile test_terraform_path=/opt/homebrew/bin/terraform&#xA;2025-03-21T00:21:43.352+0530 [DEBUG] sdk.helper_resource: Creating sdkv2 provider instance: test_name=TestAccSecretFile test_terraform_path=/opt/homebrew/bin/terraform test_working_directory=/var/folders/xb/l5t2rsc51zx11jdc_dxwbzd80000gp/T/plugintest1422908476 test_step_number=1 tf_provider_addr=registry.terraform.io/hashicorp/harness&#xA;2025-03-21T00:21:43.354+0530 [DEBUG] sdk.helper_resource: Created sdkv2 provider instance: test_name=TestAccSecretFile test_terraform_path=/opt/homebrew/bin/terraform test_working_directory=/var/folders/xb/l5t2rsc51zx11jdc_dxwbzd80000gp/T/plugintest1422908476 test_step_number=1 tf_provider_addr=registry.terraform.io/hashicorp/harness&#xA;2025-03-21T00:21:43.354+0530 [DEBUG] sdk.helper_resource: Starting sdkv2 provider instance server: tf_provider_addr=registry.terraform.io/hashicorp/harness test_step_number=1 test_name=TestAccSecretFile test_terraform_path=/opt/homebrew/bin/terraform test_working_directory=/var/folders/xb/l5t2rsc51zx11jdc_dxwbzd80000gp/T/plugintest1422908476&#xA;2025-03-21T00:21:43.354+0530 [DEBUG] sdk.helper_resource: Started sdkv2 provider instance server: test_name=TestAccSecretFile test_terraform_path=/opt/homebrew/bin/terraform test_working_directory=/var/folders/xb/l5t2rsc51zx11jdc_dxwbzd80000gp/T/plugintest1422908476 test_step_number=1 tf_provider_addr=registry.terraform.io/hashicorp/harness&#xA;2025/03/21 00:21:43 [WARN] error creating CD client: invalid config: AccountId must be set&#xA;2025-03-21T00:21:43.423+0530 [DEBUG] sdk.helper_resource: Stopping providers: test_name=TestAccSecretFile test_terraform_path=/opt/homebrew/bin/terraform test_working_directory=/var/folders/xb/l5t2rsc51zx11jdc_dxwbzd80000gp/T/plugintest1422908476 test_step_number=1&#xA;2025-03-21T00:21:43.423+0530 [DEBUG] sdk.helper_resource: Running Terraform CLI plan and apply: test_terraform_path=/opt/homebrew/bin/terraform test_working_directory=/var/folders/xb/l5t2rsc51zx11jdc_dxwbzd80000gp/T/plugintest1422908476 test_step_number=1 test_name=TestAccSecretFile&#xA;2025-03-21T00:21:43.423+0530 [DEBUG] sdk.helper_resource: Creating sdkv2 provider instance: test_working_directory=/var/folders/xb/l5t2rsc51zx11jdc_dxwbzd80000gp/T/plugintest1422908476 tf_provider_addr=registry.terraform.io/hashicorp/harness test_step_number=1 test_name=TestAccSecretFile test_terraform_path=/opt/homebrew/bin/terraform&#xA;2025-03-21T00:21:43.424+0530 [DEBUG] sdk.helper_resource: Created sdkv2 provider instance: test_name=TestAccSecretFile test_terraform_path=/opt/homebrew/bin/terraform test_working_directory=/var/folders/xb/l5t2rsc51zx11jdc_dxwbzd80000gp/T/plugintest1422908476 test_step_number=1 tf_provider_addr=registry.terraform.io/hashicorp/harness&#xA;2025-03-21T00:21:43.424+0530 [DEBUG] sdk.helper_resource: Starting sdkv2 provider instance server: test_step_number=1 tf_provider_addr=registry.terraform.io/hashicorp/harness test_name=TestAccSecretFile test_terraform_path=/opt/homebrew/bin/terraform test_working_directory=/var/folders/xb/l5t2rsc51zx11jdc_dxwbzd80000gp/T/plugintest1422908476&#xA;2025-03-21T00:21:43.424+0530 [DEBUG] sdk.helper_resource: Started sdkv2 provider instance server: test_working_directory=/var/folders/xb/l5t2rsc51zx11jdc_dxwbzd80000gp/T/plugintest1422908476 test_step_number=1 test_name=TestAccSecretFile test_terraform_path=/opt/homebrew/bin/terraform tf_provider_addr=registry.terraform.io/hashicorp/harness&#xA;2025/03/21 00:21:43 [WARN] error creating CD client: invalid config: AccountId must be set&#xA;2025-03-21T00:21:43.522+0530 [DEBUG] sdk.helper_resource: Stopping providers: test_name=TestAccSecretFile test_terraform_path=/opt/homebrew/bin/terraform test_working_directory=/var/folders/xb/l5t2rsc51zx11jdc_dxwbzd80000gp/T/plugintest1422908476 test_step_number=1&#xA;2025-03-21T00:21:43.522+0530 [DEBUG] sdk.helper_resource: Creating sdkv2 provider instance: test_name=TestAccSecretFile test_terraform_path=/opt/homebrew/bin/terraform test_working_directory=/var/folders/xb/l5t2rsc51zx11jdc_dxwbzd80000gp/T/plugintest1422908476 tf_provider_addr=registry.terraform.io/hashicorp/harness test_step_number=1&#xA;2025-03-21T00:21:43.523+0530 [DEBUG] sdk.helper_resource: Created sdkv2 provider instance: test_name=TestAccSecretFile test_terraform_path=/opt/homebrew/bin/terraform test_working_directory=/var/folders/xb/l5t2rsc51zx11jdc_dxwbzd80000gp/T/plugintest1422908476 test_step_number=1 tf_provider_addr=registry.terraform.io/hashicorp/harness&#xA;2025-03-21T00:21:43.523+0530 [DEBUG] sdk.helper_resource: Starting sdkv2 provider instance server: test_name=TestAccSecretFile test_terraform_path=/opt/homebrew/bin/terraform test_working_directory=/var/folders/xb/l5t2rsc51zx11jdc_dxwbzd80000gp/T/plugintest1422908476 test_step_number=1 tf_provider_addr=registry.terraform.io/hashicorp/harness&#xA;2025-03-21T00:21:43.524+0530 [DEBUG] sdk.helper_resource: Started sdkv2 provider instance server: test_step_number=1 test_name=TestAccSecretFile test_terraform_path=/opt/homebrew/bin/terraform tf_provider_addr=registry.terraform.io/hashicorp/harness test_working_directory=/var/folders/xb/l5t2rsc51zx11jdc_dxwbzd80000gp/T/plugintest1422908476&#xA;2025/03/21 00:21:43 [DEBUG] New state was assigned lineage &#34;57d60ffa-c5f8-35c5-2cb6-8d70c2f8d811&#34;&#xA;2025-03-21T00:21:43.558+0530 [DEBUG] sdk.helper_resource: Stopping providers: test_terraform_path=/opt/homebrew/bin/terraform test_working_directory=/var/folders/xb/l5t2rsc51zx11jdc_dxwbzd80000gp/T/plugintest1422908476 test_step_number=1 test_name=TestAccSecretFile&#xA;2025-03-21T00:21:43.558+0530 [DEBUG] sdk.helper_resource: Creating sdkv2 provider instance: test_terraform_path=/opt/homebrew/bin/terraform test_working_directory=/var/folders/xb/l5t2rsc51zx11jdc_dxwbzd80000gp/T/plugintest1422908476 test_step_number=1 test_name=TestAccSecretFile tf_provider_addr=registry.terraform.io/hashicorp/harness&#xA;2025-03-21T00:21:43.559+0530 [DEBUG] sdk.helper_resource: Created sdkv2 provider instance: test_name=TestAccSecretFile test_terraform_path=/opt/homebrew/bin/terraform test_working_directory=/var/folders/xb/l5t2rsc51zx11jdc_dxwbzd80000gp/T/plugintest1422908476 test_step_number=1 tf_provider_addr=registry.terraform.io/hashicorp/harness&#xA;2025-03-21T00:21:43.559+0530 [DEBUG] sdk.helper_resource: Starting sdkv2 provider instance server: test_name=TestAccSecretFile test_terraform_path=/opt/homebrew/bin/terraform test_working_directory=/var/folders/xb/l5t2rsc51zx11jdc_dxwbzd80000gp/T/plugintest1422908476 test_step_number=1 tf_provider_addr=registry.terraform.io/hashicorp/harness&#xA;2025-03-21T00:21:43.560+0530 [DEBUG] sdk.helper_resource: Started sdkv2 provider instance server: test_name=TestAccSecretFile test_terraform_path=/opt/homebrew/bin/terraform test_working_directory=/var/folders/xb/l5t2rsc51zx11jdc_dxwbzd80000gp/T/plugintest1422908476 test_step_number=1 tf_provider_addr=registry.terraform.io/hashicorp/harness&#xA;2025/03/21 00:21:43 [WARN] error creating CD client: invalid config: AccountId must be set&#xA;2025/03/21 00:21:43 [DEBUG] POST https://app.harness.io/gateway/ng/api/v2/secrets/files?accountIdentifier=&#xA;2025-03-21 00:21:43 [DEBUG] harness-go-sdk harness-go-sdk API Request Details:&#xA;---[ REQUEST ]---------------------------------------&#xA;POST /gateway/ng/api/v2/secrets/files?accountIdentifier= HTTP/1.1&#xD;&#xA;Host: app.harness.io&#xD;&#xA;User-Agent: terraform-provider-harness-platform-dev&#xD;&#xA;Content-Length: 572&#xD;&#xA;Accept: application/json&#xD;&#xA;Content-Type: multipart/form-data; boundary=7acfdebb04a4679ee8dc6b0306efbeed4c347c6c083713df4bad09732b56&#xD;&#xA;X-Api-Key: &#xD;&#xA;Accept-Encoding: gzip&#xD;&#xA;&#xD;&#xA;--7acfdebb04a4679ee8dc6b0306efbeed4c347c6c083713df4bad09732b56&#xD;&#xA;Content-Disposition: form-data; name=&#34;spec&#34;&#xD;&#xA;&#xD;&#xA;{&#xA; &#34;secret&#34;: {&#xA;  &#34;type&#34;: &#34;SecretFile&#34;,&#xA;  &#34;name&#34;: &#34;TestAccSecretFile_XK68J&#34;,&#xA;  &#34;identifier&#34;: &#34;TestAccSecretFile_XK68J&#34;,&#xA;  &#34;description&#34;: &#34;test&#34;,&#xA;  &#34;tags&#34;: {&#xA;   &#34;foo&#34;: &#34;bar&#34;&#xA;  },&#xA;  &#34;spec&#34;: {&#xA;   &#34;secretManagerIdentifier&#34;: &#34;harnessSecretManager&#34;&#xA;  }&#xA; }&#xA;}&#xD;&#xA;--7acfdebb04a4679ee8dc6b0306efbeed4c347c6c083713df4bad09732b56&#xD;&#xA;Content-Disposition: form-data; name=&#34;file&#34;; filename=&#34;secret.txt&#34;&#xD;&#xA;Content-Type: application/octet-stream&#xD;&#xA;&#xD;&#xA;gfhryjttigkg&#xA;&#xD;&#xA;--7acfdebb04a4679ee8dc6b0306efbeed4c347c6c083713df4bad09732b56--&#xD;&#xA;&#xA;-----------------------------------------------------&#xA;2025-03-21 00:21:44 [DEBUG] harness-go-sdk harness-go-sdk API Response Details:&#xA;---[ RESPONSE ]--------------------------------------&#xA;HTTP/2.0 401 Unauthorized&#xD;&#xA;Connection: close&#xD;&#xA;Alt-Svc: h3=&#34;:443&#34;; ma=2592000,h3-29=&#34;:443&#34;; ma=2592000&#xD;&#xA;Cache-Control: no-store&#xD;&#xA;Date: Thu, 20 Mar 2025 18:51:43 GMT&#xD;&#xA;Referrer-Policy: no-referrer&#xD;&#xA;Set-Cookie: token=dummy; Path=/; Max-Age=0; Expires=Thu, 01 Jan 1970 00:00:00 GMT; Secure; HttpOnly; SameSite=Strict&#xD;&#xA;Set-Cookie: token=dummy; Path=/; Domain=.harness.io; Max-Age=0; Expires=Thu, 01 Jan 1970 00:00:00 GMT; Secure; HttpOnly; SameSite=Strict&#xD;&#xA;Set-Cookie: harness_email=dummy; Path=/; Domain=.harness.io; Max-Age=0; Expires=Thu, 01 Jan 1970 00:00:00 GMT; Secure&#xD;&#xA;Set-Cookie: harness_lastTokenSetTime=0; Path=/; Domain=.harness.io; Max-Age=0; Expires=Thu, 01 Jan 1970 00:00:00 GMT; Secure&#xD;&#xA;Strict-Transport-Security: max-age=31536000 ; includeSubDomains&#xD;&#xA;Via: 1.1 google&#xD;&#xA;&#xD;&#xA;&lt;!DOCTYPE html&gt;&#xA;&lt;html lang=&#34;en&#34;&gt;&#xA;    &lt;head&gt;&#xA;        &lt;meta charset=&#34;UTF-8&#34;&gt;&#xA;        &lt;title&gt;Harness Redirect&lt;/title&gt;&#xA;        &lt;script type=&#34;application/javascript&#34;&gt;&#xA;            function redirectPage() {&#xA;                const signInPath = &#34;auth/#/signin&#34;;&#xA;                const returnUrl = encodeURIComponent(window.location.href);&#xA;&#xA;                var redirectUrlBase = `${window.location.origin}/${signInPath}`;&#xA;                if (window.location.hash.split(&#34;/&#34;).includes(&#34;account&#34;)) {&#xA;                    redirectUrlBase = `${redirectUrlBase}?returnUrl=${returnUrl}`;&#xA;                }&#xA;&#xA;                window.location.href = redirectUrlBase;&#xA;            }&#xA;        &lt;/script&gt;&#xA;    &lt;/head&gt;&#xA;    &lt;body onload=&#34;redirectPage()&#34;&gt;&#xA;        Redirecting...&#xA;    &lt;/body&gt;&#xA;&lt;/html&gt;&#xA;-----------------------------------------------------&#xA;2025-03-21T00:21:44.019+0530 [ERROR] sdk.proto: Response contains error diagnostic: tf_proto_version=5.3 diagnostic_detail=&#34;&#34; diagnostic_severity=ERROR diagnostic_summary=&#34;401 Unauthorized&#34; tf_rpc=ApplyResourceChange tf_req_id=0b054e30-f114-7a60-c358-a8935d040157 tf_provider_addr=registry.terraform.io/hashicorp/harness tf_resource_type=harness_platform_secret_file&#xA;2025-03-21T00:21:44.036+0530 [WARN]  sdk.helper_resource: Error running Terraform CLI command: test_name=TestAccSecretFile test_terraform_path=/opt/homebrew/bin/terraform test_working_directory=/var/folders/xb/l5t2rsc51zx11jdc_dxwbzd80000gp/T/plugintest1422908476 test_step_number=1&#xA;  error=&#xA;  | exit status 1&#xA;  | &#xA;  | Error: 401 Unauthorized&#xA;  | &#xA;  |   with harness_platform_secret_file.test,&#xA;  |   on terraform_plugin_test.tf line 2, in resource &#34;harness_platform_secret_file&#34; &#34;test&#34;:&#xA;  |    2: \tresource &#34;harness_platform_secret_file&#34; &#34;test&#34; {&#xA;  | &#xA;  &#xA;2025-03-21T00:21:44.036+0530 [DEBUG] sdk.helper_resource: Stopping providers: test_name=TestAccSecretFile test_terraform_path=/opt/homebrew/bin/terraform test_working_directory=/var/folders/xb/l5t2rsc51zx11jdc_dxwbzd80000gp/T/plugintest1422908476 test_step_number=1&#xA;2025-03-21T00:21:44.038+0530 [ERROR] sdk.helper_resource: Unexpected error:&#xA;  error=&#xA;  | Error running apply: exit status 1&#xA;  | &#xA;  | Error: 401 Unauthorized&#xA;  | &#xA;  |   with harness_platform_secret_file.test,&#xA;  |   on terraform_plugin_test.tf line 2, in resource &#34;harness_platform_secret_file&#34; &#34;test&#34;:&#xA;  |    2: \tresource &#34;harness_platform_secret_file&#34; &#34;test&#34; {&#xA;  | &#xA;   test_name=TestAccSecretFile test_terraform_path=/opt/homebrew/bin/terraform test_working_directory=/var/folders/xb/l5t2rsc51zx11jdc_dxwbzd80000gp/T/plugintest1422908476 test_step_number=1&#xA;    file_test.go:20: Step 1/3 error: Error running apply: exit status 1&#xA;        &#xA;        Error: 401 Unauthorized&#xA;        &#xA;          with harness_platform_secret_file.test,&#xA;          on terraform_plugin_test.tf line 2, in resource &#34;harness_platform_secret_file&#34; &#34;test&#34;:&#xA;           2: &#x9;resource &#34;harness_platform_secret_file&#34; &#34;test&#34; {&#xA;        &#xA;2025-03-21T00:21:44.038+0530 [DEBUG] sdk.helper_resource: Creating sdkv2 provider instance: test_step_number=1 test_name=TestAccSecretFile test_terraform_path=/opt/homebrew/bin/terraform test_working_directory=/var/folders/xb/l5t2rsc51zx11jdc_dxwbzd80000gp/T/plugintest1422908476 tf_provider_addr=registry.terraform.io/hashicorp/harness&#xA;2025-03-21T00:21:44.042+0530 [DEBUG] sdk.helper_resource: Created sdkv2 provider instance: test_name=TestAccSecretFile test_terraform_path=/opt/homebrew/bin/terraform test_working_directory=/var/folders/xb/l5t2rsc51zx11jdc_dxwbzd80000gp/T/plugintest1422908476 test_step_number=1 tf_provider_addr=registry.terraform.io/hashicorp/harness&#xA;2025-03-21T00:21:44.042+0530 [DEBUG] sdk.helper_resource: Starting sdkv2 provider instance server: test_terraform_path=/opt/homebrew/bin/terraform test_working_directory=/var/folders/xb/l5t2rsc51zx11jdc_dxwbzd80000gp/T/plugintest1422908476 test_step_number=1 tf_provider_addr=registry.terraform.io/hashicorp/harness test_name=TestAccSecretFile&#xA;2025-03-21T00:21:44.043+0530 [DEBUG] sdk.helper_resource: Started sdkv2 provider instance server: test_step_number=1 test_name=TestAccSecretFile test_terraform_path=/opt/homebrew/bin/terraform tf_provider_addr=registry.terraform.io/hashicorp/harness test_working_directory=/var/folders/xb/l5t2rsc51zx11jdc_dxwbzd80000gp/T/plugintest1422908476&#xA;2025/03/21 00:21:44 [DEBUG] New state was assigned lineage &#34;6993bd11-37e5-1d8a-5fba-168c0ed1765a&#34;&#xA;2025-03-21T00:21:44.101+0530 [DEBUG] sdk.helper_resource: Stopping providers: test_working_directory=/var/folders/xb/l5t2rsc51zx11jdc_dxwbzd80000gp/T/plugintest1422908476 test_step_number=1 test_name=TestAccSecretFile test_terraform_path=/opt/homebrew/bin/terraform&#xA;--- FAIL: TestAccSecretFile (0.79s)&#xA;</failure>
		</testcase>
		<testcase classname="github.com/harness/terraform-provider-harness/internal/service/platform/secret" name="TestAccSecretFileWMultipleTags" time="0.730000">
			<failure message="Failed" type="">=== RUN   TestAccSecretFileWMultipleTags&#xA;2025-03-21T00:21:44.102+0530 [DEBUG] sdk.helper_resource: Starting TestCase: test_name=TestAccSecretFileWMultipleTags&#xA;2025-03-21T00:21:44.102+0530 [DEBUG] sdk.helper_resource: Calling TestCase PreCheck: test_name=TestAccSecretFileWMultipleTags&#xA;2025-03-21T00:21:44.102+0530 [DEBUG] sdk.helper_resource: Called TestCase PreCheck: test_name=TestAccSecretFileWMultipleTags&#xA;2025-03-21T00:21:44.103+0530 [DEBUG] sdk.helper_resource: Found Terraform CLI: test_terraform_path=/opt/homebrew/bin/terraform test_name=TestAccSecretFileWMultipleTags&#xA;2025-03-21T00:21:44.130+0530 [DEBUG] sdk.helper_resource: Creating sdkv2 provider instance: test_terraform_path=/opt/homebrew/bin/terraform test_working_directory=/var/folders/xb/l5t2rsc51zx11jdc_dxwbzd80000gp/T/plugintest1375768376 tf_provider_addr=registry.terraform.io/hashicorp/harness test_name=TestAccSecretFileWMultipleTags&#xA;2025-03-21T00:21:44.132+0530 [DEBUG] sdk.helper_resource: Created sdkv2 provider instance: test_name=TestAccSecretFileWMultipleTags test_terraform_path=/opt/homebrew/bin/terraform test_working_directory=/var/folders/xb/l5t2rsc51zx11jdc_dxwbzd80000gp/T/plugintest1375768376 tf_provider_addr=registry.terraform.io/hashicorp/harness&#xA;2025-03-21T00:21:44.132+0530 [DEBUG] sdk.helper_resource: Starting sdkv2 provider instance server: test_name=TestAccSecretFileWMultipleTags test_terraform_path=/opt/homebrew/bin/terraform test_working_directory=/var/folders/xb/l5t2rsc51zx11jdc_dxwbzd80000gp/T/plugintest1375768376 tf_provider_addr=registry.terraform.io/hashicorp/harness&#xA;2025-03-21T00:21:44.132+0530 [DEBUG] sdk.helper_resource: Started sdkv2 provider instance server: test_name=TestAccSecretFileWMultipleTags test_terraform_path=/opt/homebrew/bin/terraform test_working_directory=/var/folders/xb/l5t2rsc51zx11jdc_dxwbzd80000gp/T/plugintest1375768376 tf_provider_addr=registry.terraform.io/hashicorp/harness&#xA;2025-03-21T00:21:44.153+0530 [DEBUG] sdk.helper_resource: Stopping providers: test_terraform_path=/opt/homebrew/bin/terraform test_working_directory=/var/folders/xb/l5t2rsc51zx11jdc_dxwbzd80000gp/T/plugintest1375768376 test_name=TestAccSecretFileWMultipleTags&#xA;2025-03-21T00:21:44.154+0530 [DEBUG] sdk.helper_resource: Starting TestSteps: test_name=TestAccSecretFileWMultipleTags test_terraform_path=/opt/homebrew/bin/terraform test_working_directory=/var/folders/xb/l5t2rsc51zx11jdc_dxwbzd80000gp/T/plugintest1375768376&#xA;2025-03-21T00:21:44.154+0530 [DEBUG] sdk.helper_resource: Starting TestStep: test_step_number=1 test_name=TestAccSecretFileWMultipleTags test_terraform_path=/opt/homebrew/bin/terraform test_working_directory=/var/folders/xb/l5t2rsc51zx11jdc_dxwbzd80000gp/T/plugintest1375768376&#xA;2025-03-21T00:21:44.154+0530 [DEBUG] sdk.helper_resource: Creating sdkv2 provider instance: test_step_number=1 tf_provider_addr=registry.terraform.io/hashicorp/harness test_name=TestAccSecretFileWMultipleTags test_terraform_path=/opt/homebrew/bin/terraform test_working_directory=/var/folders/xb/l5t2rsc51zx11jdc_dxwbzd80000gp/T/plugintest1375768376&#xA;2025-03-21T00:21:44.156+0530 [DEBUG] sdk.helper_resource: Created sdkv2 provider instance: tf_provider_addr=registry.terraform.io/hashicorp/harness test_terraform_path=/opt/homebrew/bin/terraform test_working_directory=/var/folders/xb/l5t2rsc51zx11jdc_dxwbzd80000gp/T/plugintest1375768376 test_step_number=1 test_name=TestAccSecretFileWMultipleTags&#xA;2025-03-21T00:21:44.156+0530 [DEBUG] sdk.helper_resource: Starting sdkv2 provider instance server: test_name=TestAccSecretFileWMultipleTags test_terraform_path=/opt/homebrew/bin/terraform test_working_directory=/var/folders/xb/l5t2rsc51zx11jdc_dxwbzd80000gp/T/plugintest1375768376 test_step_number=1 tf_provider_addr=registry.terraform.io/hashicorp/harness&#xA;2025-03-21T00:21:44.157+0530 [DEBUG] sdk.helper_resource: Started sdkv2 provider instance server: test_working_directory=/var/folders/xb/l5t2rsc51zx11jdc_dxwbzd80000gp/T/plugintest1375768376 test_step_number=1 test_name=TestAccSecretFileWMultipleTags test_terraform_path=/opt/homebrew/bin/terraform tf_provider_addr=registry.terraform.io/hashicorp/harness&#xA;2025/03/21 00:21:44 [WARN] error creating CD client: invalid config: AccountId must be set&#xA;2025-03-21T00:21:44.227+0530 [DEBUG] sdk.helper_resource: Stopping providers: test_name=TestAccSecretFileWMultipleTags test_terraform_path=/opt/homebrew/bin/terraform test_working_directory=/var/folders/xb/l5t2rsc51zx11jdc_dxwbzd80000gp/T/plugintest1375768376 test_step_number=1&#xA;2025-03-21T00:21:44.227+0530 [DEBUG] sdk.helper_resource: Running Terraform CLI plan and apply: test_name=TestAccSecretFileWMultipleTags test_terraform_path=/opt/homebrew/bin/terraform test_working_directory=/var/folders/xb/l5t2rsc51zx11jdc_dxwbzd80000gp/T/plugintest1375768376 test_step_number=1&#xA;2025-03-21T00:21:44.227+0530 [DEBUG] sdk.helper_resource: Creating sdkv2 provider instance: test_step_number=1 tf_provider_addr=registry.terraform.io/hashicorp/harness test_name=TestAccSecretFileWMultipleTags test_terraform_path=/opt/homebrew/bin/terraform test_working_directory=/var/folders/xb/l5t2rsc51zx11jdc_dxwbzd80000gp/T/plugintest1375768376&#xA;2025-03-21T00:21:44.228+0530 [DEBUG] sdk.helper_resource: Created sdkv2 provider instance: test_name=TestAccSecretFileWMultipleTags test_terraform_path=/opt/homebrew/bin/terraform test_working_directory=/var/folders/xb/l5t2rsc51zx11jdc_dxwbzd80000gp/T/plugintest1375768376 test_step_number=1 tf_provider_addr=registry.terraform.io/hashicorp/harness&#xA;2025-03-21T00:21:44.228+0530 [DEBUG] sdk.helper_resource: Starting sdkv2 provider instance server: test_terraform_path=/opt/homebrew/bin/terraform test_working_directory=/var/folders/xb/l5t2rsc51zx11jdc_dxwbzd80000gp/T/plugintest1375768376 test_step_number=1 test_name=TestAccSecretFileWMultipleTags tf_provider_addr=registry.terraform.io/hashicorp/harness&#xA;2025-03-21T00:21:44.228+0530 [DEBUG] sdk.helper_resource: Started sdkv2 provider instance server: test_working_directory=/var/folders/xb/l5t2rsc51zx11jdc_dxwbzd80000gp/T/plugintest1375768376 test_step_number=1 test_name=TestAccSecretFileWMu
[...]
gResource&#xA;2025-03-21T00:23:20.930+0530 [DEBUG] sdk.helper_resource: Called TestCase PreCheck: test_name=TestAccSecretText_DeleteUnderLyingResource&#xA;2025-03-21T00:23:20.930+0530 [DEBUG] sdk.helper_resource: Found Terraform CLI: test_name=TestAccSecretText_DeleteUnderLyingResource test_terraform_path=/opt/homebrew/bin/terraform&#xA;2025-03-21T00:23:20.963+0530 [DEBUG] sdk.helper_resource: Creating sdkv2 provider instance: test_terraform_path=/opt/homebrew/bin/terraform test_working_directory=/var/folders/xb/l5t2rsc51zx11jdc_dxwbzd80000gp/T/plugintest3110868901 tf_provider_addr=registry.terraform.io/hashicorp/harness test_name=TestAccSecretText_DeleteUnderLyingResource&#xA;2025-03-21T00:23:20.965+0530 [DEBUG] sdk.helper_resource: Created sdkv2 provider instance: test_name=TestAccSecretText_DeleteUnderLyingResource test_terraform_path=/opt/homebrew/bin/terraform test_working_directory=/var/folders/xb/l5t2rsc51zx11jdc_dxwbzd80000gp/T/plugintest3110868901 tf_provider_addr=registry.terraform.io/hashicorp/harness&#xA;2025-03-21T00:23:20.965+0530 [DEBUG] sdk.helper_resource: Starting sdkv2 provider instance server: test_name=TestAccSecretText_DeleteUnderLyingResource test_terraform_path=/opt/homebrew/bin/terraform test_working_directory=/var/folders/xb/l5t2rsc51zx11jdc_dxwbzd80000gp/T/plugintest3110868901 tf_provider_addr=registry.terraform.io/hashicorp/harness&#xA;2025-03-21T00:23:20.966+0530 [DEBUG] sdk.helper_resource: Started sdkv2 provider instance server: test_name=TestAccSecretText_DeleteUnderLyingResource test_terraform_path=/opt/homebrew/bin/terraform test_working_directory=/var/folders/xb/l5t2rsc51zx11jdc_dxwbzd80000gp/T/plugintest3110868901 tf_provider_addr=registry.terraform.io/hashicorp/harness&#xA;2025-03-21T00:23:21.001+0530 [DEBUG] sdk.helper_resource: Stopping providers: test_name=TestAccSecretText_DeleteUnderLyingResource test_terraform_path=/opt/homebrew/bin/terraform test_working_directory=/var/folders/xb/l5t2rsc51zx11jdc_dxwbzd80000gp/T/plugintest3110868901&#xA;2025-03-21T00:23:21.002+0530 [DEBUG] sdk.helper_resource: Starting TestSteps: test_working_directory=/var/folders/xb/l5t2rsc51zx11jdc_dxwbzd80000gp/T/plugintest3110868901 test_name=TestAccSecretText_DeleteUnderLyingResource test_terraform_path=/opt/homebrew/bin/terraform&#xA;2025-03-21T00:23:21.002+0530 [DEBUG] sdk.helper_resource: Starting TestStep: test_terraform_path=/opt/homebrew/bin/terraform test_step_number=1 test_working_directory=/var/folders/xb/l5t2rsc51zx11jdc_dxwbzd80000gp/T/plugintest3110868901 test_name=TestAccSecretText_DeleteUnderLyingResource&#xA;2025-03-21T00:23:21.003+0530 [DEBUG] sdk.helper_resource: Creating sdkv2 provider instance: test_working_directory=/var/folders/xb/l5t2rsc51zx11jdc_dxwbzd80000gp/T/plugintest3110868901 test_name=TestAccSecretText_DeleteUnderLyingResource test_terraform_path=/opt/homebrew/bin/terraform test_step_number=1 tf_provider_addr=registry.terraform.io/hashicorp/harness&#xA;2025-03-21T00:23:21.005+0530 [DEBUG] sdk.helper_resource: Created sdkv2 provider instance: test_working_directory=/var/folders/xb/l5t2rsc51zx11jdc_dxwbzd80000gp/T/plugintest3110868901 test_name=TestAccSecretText_DeleteUnderLyingResource test_terraform_path=/opt/homebrew/bin/terraform test_step_number=1 tf_provider_addr=registry.terraform.io/hashicorp/harness&#xA;2025-03-21T00:23:21.005+0530 [DEBUG] sdk.helper_resource: Starting sdkv2 provider instance server: tf_provider_addr=registry.terraform.io/hashicorp/harness test_working_directory=/var/folders/xb/l5t2rsc51zx11jdc_dxwbzd80000gp/T/plugintest3110868901 test_name=TestAccSecretText_DeleteUnderLyingResource test_terraform_path=/opt/homebrew/bin/terraform test_step_number=1&#xA;2025-03-21T00:23:21.005+0530 [DEBUG] sdk.helper_resource: Started sdkv2 provider instance server: test_working_directory=/var/folders/xb/l5t2rsc51zx11jdc_dxwbzd80000gp/T/plugintest3110868901 test_name=TestAccSecretText_DeleteUnderLyingResource test_terraform_path=/opt/homebrew/bin/terraform test_step_number=1 tf_provider_addr=registry.terraform.io/hashicorp/harness&#xA;2025/03/21 00:23:21 [WARN] error creating CD client: invalid config: AccountId must be set&#xA;2025-03-21T00:23:21.149+0530 [DEBUG] sdk.helper_resource: Stopping providers: test_terraform_path=/opt/homebrew/bin/terraform test_step_number=1 test_working_directory=/var/folders/xb/l5t2rsc51zx11jdc_dxwbzd80000gp/T/plugintest3110868901 test_name=TestAccSecretText_DeleteUnderLyingResource&#xA;2025-03-21T00:23:21.149+0530 [DEBUG] sdk.helper_resource: Running Terraform CLI plan and apply: test_name=TestAccSecretText_DeleteUnderLyingResource test_terraform_path=/opt/homebrew/bin/terraform test_step_number=1 test_working_directory=/var/folders/xb/l5t2rsc51zx11jdc_dxwbzd80000gp/T/plugintest3110868901&#xA;2025-03-21T00:23:21.149+0530 [DEBUG] sdk.helper_resource: Creating sdkv2 provider instance: test_working_directory=/var/folders/xb/l5t2rsc51zx11jdc_dxwbzd80000gp/T/plugintest3110868901 test_name=TestAccSecretText_DeleteUnderLyingResource test_terraform_path=/opt/homebrew/bin/terraform test_step_number=1 tf_provider_addr=registry.terraform.io/hashicorp/harness&#xA;2025-03-21T00:23:21.150+0530 [DEBUG] sdk.helper_resource: Created sdkv2 provider instance: test_name=TestAccSecretText_DeleteUnderLyingResource test_terraform_path=/opt/homebrew/bin/terraform test_step_number=1 tf_provider_addr=registry.terraform.io/hashicorp/harness test_working_directory=/var/folders/xb/l5t2rsc51zx11jdc_dxwbzd80000gp/T/plugintest3110868901&#xA;2025-03-21T00:23:21.150+0530 [DEBUG] sdk.helper_resource: Starting sdkv2 provider instance server: test_working_directory=/var/folders/xb/l5t2rsc51zx11jdc_dxwbzd80000gp/T/plugintest3110868901 test_name=TestAccSecretText_DeleteUnderLyingResource test_terraform_path=/opt/homebrew/bin/terraform test_step_number=1 tf_provider_addr=registry.terraform.io/hashicorp/harness&#xA;2025-03-21T00:23:21.151+0530 [DEBUG] sdk.helper_resource: Started sdkv2 provider instance server: test_step_number=1 test_working_directory=/var/folders/xb/l5t2rsc51zx11jdc_dxwbzd80000gp/T/plugintest3110868901 tf_provider_addr=registry.terraform.io/hashicorp/harness test_name=TestAccSecretText_DeleteUnderLyingResource test_terraform_path=/opt/homebrew/bin/terraform&#xA;2025/03/21 00:23:21 [WARN] error creating CD client: invalid config: AccountId must be set&#xA;2025-03-21T00:23:21.355+0530 [DEBUG] sdk.helper_resource: Stopping providers: test_working_directory=/var/folders/xb/l5t2rsc51zx11jdc_dxwbzd80000gp/T/plugintest3110868901 test_name=TestAccSecretText_DeleteUnderLyingResource test_terraform_path=/opt/homebrew/bin/terraform test_step_number=1&#xA;2025-03-21T00:23:21.355+0530 [DEBUG] sdk.helper_resource: Creating sdkv2 provider instance: test_name=TestAccSecretText_DeleteUnderLyingResource test_terraform_path=/opt/homebrew/bin/terraform test_step_number=1 test_working_directory=/var/folders/xb/l5t2rsc51zx11jdc_dxwbzd80000gp/T/plugintest3110868901 tf_provider_addr=registry.terraform.io/hashicorp/harness&#xA;2025-03-21T00:23:21.357+0530 [DEBUG] sdk.helper_resource: Created sdkv2 provider instance: tf_provider_addr=registry.terraform.io/hashicorp/harness test_name=TestAccSecretText_DeleteUnderLyingResource test_terraform_path=/opt/homebrew/bin/terraform test_step_number=1 test_working_directory=/var/folders/xb/l5t2rsc51zx11jdc_dxwbzd80000gp/T/plugintest3110868901&#xA;2025-03-21T00:23:21.357+0530 [DEBUG] sdk.helper_resource: Starting sdkv2 provider instance server: test_terraform_path=/opt/homebrew/bin/terraform test_step_number=1 test_working_directory=/var/folders/xb/l5t2rsc51zx11jdc_dxwbzd80000gp/T/plugintest3110868901 test_name=TestAccSecretText_DeleteUnderLyingResource tf_provider_addr=registry.terraform.io/hashicorp/harness&#xA;2025-03-21T00:23:21.358+0530 [DEBUG] sdk.helper_resource: Started sdkv2 provider instance server: test_terraform_path=/opt/homebrew/bin/terraform test_step_number=1 tf_provider_addr=registry.terraform.io/hashicorp/harness test_working_directory=/var/folders/xb/l5t2rsc51zx11jdc_dxwbzd80000gp/T/plugintest3110868901 test_name=TestAccSecretText_DeleteUnderLyingResource&#xA;2025/03/21 00:23:21 [DEBUG] New state was assigned lineage &#34;5d6650ac-891f-8425-d833-d3202eb5188c&#34;&#xA;2025-03-21T00:23:21.460+0530 [DEBUG] sdk.helper_resource: Stopping providers: test_working_directory=/var/folders/xb/l5t2rsc51zx11jdc_dxwbzd80000gp/T/plugintest3110868901 test_name=TestAccSecretText_DeleteUnderLyingResource test_terraform_path=/opt/homebrew/bin/terraform test_step_number=1&#xA;2025-03-21T00:23:21.460+0530 [DEBUG] sdk.helper_resource: Creating sdkv2 provider instance: test_working_directory=/var/folders/xb/l5t2rsc51zx11jdc_dxwbzd80000gp/T/plugintest3110868901 test_name=TestAccSecretText_DeleteUnderLyingResource test_terraform_path=/opt/homebrew/bin/terraform test_step_number=1 tf_provider_addr=registry.terraform.io/hashicorp/harness&#xA;2025-03-21T00:23:21.462+0530 [DEBUG] sdk.helper_resource: Created sdkv2 provider instance: tf_provider_addr=registry.terraform.io/hashicorp/harness test_terraform_path=/opt/homebrew/bin/terraform test_step_number=1 test_working_directory=/var/folders/xb/l5t2rsc51zx11jdc_dxwbzd80000gp/T/plugintest3110868901 test_name=TestAccSecretText_DeleteUnderLyingResource&#xA;2025-03-21T00:23:21.462+0530 [DEBUG] sdk.helper_resource: Starting sdkv2 provider instance server: test_working_directory=/var/folders/xb/l5t2rsc51zx11jdc_dxwbzd80000gp/T/plugintest3110868901 test_name=TestAccSecretText_DeleteUnderLyingResource test_terraform_path=/opt/homebrew/bin/terraform test_step_number=1 tf_provider_addr=registry.terraform.io/hashicorp/harness&#xA;2025-03-21T00:23:21.462+0530 [DEBUG] sdk.helper_resource: Started sdkv2 provider instance server: test_terraform_path=/opt/homebrew/bin/terraform test_step_number=1 tf_provider_addr=registry.terraform.io/hashicorp/harness test_working_directory=/var/folders/xb/l5t2rsc51zx11jdc_dxwbzd80000gp/T/plugintest3110868901 test_name=TestAccSecretText_DeleteUnderLyingResource&#xA;2025/03/21 00:23:21 [WARN] error creating CD client: invalid config: AccountId must be set&#xA;2025/03/21 00:23:21 [DEBUG] POST https://app.harness.io/gateway/ng/api/v2/secrets?accountIdentifier=&#xA;2025-03-21 00:23:21 [DEBUG] harness-go-sdk harness-go-sdk API Request Details:&#xA;---[ REQUEST ]---------------------------------------&#xA;POST /gateway/ng/api/v2/secrets?accountIdentifier= HTTP/1.1&#xD;&#xA;Host: app.harness.io&#xD;&#xA;User-Agent: terraform-provider-harness-platform-dev&#xD;&#xA;Content-Length: 363&#xD;&#xA;Accept: application/json&#xD;&#xA;Content-Type: application/json&#xD;&#xA;X-Api-Key: &#xD;&#xA;Accept-Encoding: gzip&#xD;&#xA;&#xD;&#xA;{&#xA; &#34;secret&#34;: {&#xA;  &#34;type&#34;: &#34;SecretText&#34;,&#xA;  &#34;name&#34;: &#34;TestAccSecretText_DeleteUnderLyingResource&#34;,&#xA;  &#34;identifier&#34;: &#34;TestAccSecretText_DeleteUnderLyingResource_ySSoz&#34;,&#xA;  &#34;tags&#34;: {&#xA;   &#34;foo&#34;: &#34;bar&#34;&#xA;  },&#xA;  &#34;description&#34;: &#34;test&#34;,&#xA;  &#34;spec&#34;: {&#xA;   &#34;type&#34;: &#34;&#34;,&#xA;   &#34;secretManagerIdentifier&#34;: &#34;harnessSecretManager&#34;,&#xA;   &#34;valueType&#34;: &#34;Inline&#34;,&#xA;   &#34;value&#34;: &#34;TestAccSecretText_DeleteUnderLyingResource_oTNwx&#34;,&#xA;   &#34;additionalMetadata&#34;: {}&#xA;  }&#xA; }&#xA;}&#xA;&#xA;-----------------------------------------------------&#xA;2025-03-21 00:23:21 [DEBUG] harness-go-sdk harness-go-sdk API Response Details:&#xA;---[ RESPONSE ]--------------------------------------&#xA;HTTP/2.0 401 Unauthorized&#xD;&#xA;Connection: close&#xD;&#xA;Alt-Svc: h3=&#34;:443&#34;; ma=2592000,h3-29=&#34;:443&#34;; ma=2592000&#xD;&#xA;Cache-Control: no-store&#xD;&#xA;Date: Thu, 20 Mar 2025 18:53:21 GMT&#xD;&#xA;Referrer-Policy: no-referrer&#xD;&#xA;Set-Cookie: token=dummy; Path=/; Max-Age=0; Expires=Thu, 01 Jan 1970 00:00:00 GMT; Secure; HttpOnly; SameSite=Strict&#xD;&#xA;Set-Cookie: token=dummy; Path=/; Domain=.harness.io; Max-Age=0; Expires=Thu, 01 Jan 1970 00:00:00 GMT; Secure; HttpOnly; SameSite=Strict&#xD;&#xA;Set-Cookie: harness_email=dummy; Path=/; Domain=.harness.io; Max-Age=0; Expires=Thu, 01 Jan 1970 00:00:00 GMT; Secure&#xD;&#xA;Set-Cookie: harness_lastTokenSetTime=0; Path=/; Domain=.harness.io; Max-Age=0; Expires=Thu, 01 Jan 1970 00:00:00 GMT; Secure&#xD;&#xA;Strict-Transport-Security: max-age=31536000 ; includeSubDomains&#xD;&#xA;Via: 1.1 google&#xD;&#xA;&#xD;&#xA;&lt;!DOCTYPE html&gt;&#xA;&lt;html lang=&#34;en&#34;&gt;&#xA;    &lt;head&gt;&#xA;        &lt;meta charset=&#34;UTF-8&#34;&gt;&#xA;        &lt;title&gt;Harness Redirect&lt;/title&gt;&#xA;        &lt;script type=&#34;application/javascript&#34;&gt;&#xA;            function redirectPage() {&#xA;                const signInPath = &#34;auth/#/signin&#34;;&#xA;                const returnUrl = encodeURIComponent(window.location.href);&#xA;&#xA;                var redirectUrlBase = `${window.location.origin}/${signInPath}`;&#xA;                if (window.location.hash.split(&#34;/&#34;).includes(&#34;account&#34;)) {&#xA;                    redirectUrlBase = `${redirectUrlBase}?returnUrl=${returnUrl}`;&#xA;                }&#xA;&#xA;                window.location.href = redirectUrlBase;&#xA;            }&#xA;        &lt;/script&gt;&#xA;    &lt;/head&gt;&#xA;    &lt;body onload=&#34;redirectPage()&#34;&gt;&#xA;        Redirecting...&#xA;    &lt;/body&gt;&#xA;&lt;/html&gt;&#xA;-----------------------------------------------------&#xA;2025-03-21T00:23:21.885+0530 [ERROR] sdk.proto: Response contains error diagnostic: diagnostic_detail=&#34;&#34; diagnostic_severity=ERROR tf_req_id=0b295b71-361b-cd67-6c3d-0d79316872a8 tf_resource_type=harness_platform_secret_text tf_provider_addr=registry.terraform.io/hashicorp/harness tf_proto_version=5.3 tf_rpc=ApplyResourceChange&#xA;  diagnostic_summary=&#xA;  | 401 Unauthorized&#xA;  | Hint:&#xA;  | 1) Please check if token has expired or is wrong.&#xA;  | 2) Harness Provider is misconfigured. For firstgen resources please give the correct api_key and for nextgen resources please give the correct platform_api_key.&#xA;  &#xA;2025-03-21T00:23:21.898+0530 [WARN]  sdk.helper_resource: Error running Terraform CLI command: test_working_directory=/var/folders/xb/l5t2rsc51zx11jdc_dxwbzd80000gp/T/plugintest3110868901 test_name=TestAccSecretText_DeleteUnderLyingResource test_terraform_path=/opt/homebrew/bin/terraform test_step_number=1&#xA;  error=&#xA;  | exit status 1&#xA;  | &#xA;  | Error: 401 Unauthorized&#xA;  | Hint:&#xA;  | 1) Please check if token has expired or is wrong.&#xA;  | 2) Harness Provider is misconfigured. For firstgen resources please give the correct api_key and for nextgen resources please give the correct platform_api_key.&#xA;  | &#xA;  |   with harness_platform_secret_text.test,&#xA;  |   on terraform_plugin_test.tf line 2, in resource &#34;harness_platform_secret_text&#34; &#34;test&#34;:&#xA;  |    2: \t\tresource &#34;harness_platform_secret_text&#34; &#34;test&#34; {&#xA;  | &#xA;  &#xA;2025-03-21T00:23:21.898+0530 [DEBUG] sdk.helper_resource: Stopping providers: test_working_directory=/var/folders/xb/l5t2rsc51zx11jdc_dxwbzd80000gp/T/plugintest3110868901 test_name=TestAccSecretText_DeleteUnderLyingResource test_terraform_path=/opt/homebrew/bin/terraform test_step_number=1&#xA;2025-03-21T00:23:21.898+0530 [ERROR] sdk.helper_resource: Unexpected error: test_working_directory=/var/folders/xb/l5t2rsc51zx11jdc_dxwbzd80000gp/T/plugintest3110868901 test_name=TestAccSecretText_DeleteUnderLyingResource test_terraform_path=/opt/homebrew/bin/terraform test_step_number=1&#xA;  error=&#xA;  | Error running apply: exit status 1&#xA;  | &#xA;  | Error: 401 Unauthorized&#xA;  | Hint:&#xA;  | 1) Please check if token has expired or is wrong.&#xA;  | 2) Harness Provider is misconfigured. For firstgen resources please give the correct api_key and for nextgen resources please give the correct platform_api_key.&#xA;  | &#xA;  |   with harness_platform_secret_text.test,&#xA;  |   on terraform_plugin_test.tf line 2, in resource &#34;harness_platform_secret_text&#34; &#34;test&#34;:&#xA;  |    2: \t\tresource &#34;harness_platform_secret_text&#34; &#34;test&#34; {&#xA;  | &#xA;  &#xA;    text_test.go:279: Step 1/2 error: Error running apply: exit status 1&#xA;        &#xA;        Error: 401 Unauthorized&#xA;        Hint:&#xA;        1) Please check if token has expired or is wrong.&#xA;        2) Harness Provider is misconfigured. For firstgen resources please give the correct api_key and for nextgen resources please give the correct platform_api_key.&#xA;        &#xA;          with harness_platform_secret_text.test,&#xA;          on terraform_plugin_test.tf line 2, in resource &#34;harness_platform_secret_text&#34; &#34;test&#34;:&#xA;           2: &#x9;&#x9;resource &#34;harness_platform_secret_text&#34; &#34;test&#34; {&#xA;        &#xA;2025-03-21T00:23:21.898+0530 [DEBUG] sdk.helper_resource: Creating sdkv2 provider instance: test_working_directory=/var/folders/xb/l5t2rsc51zx11jdc_dxwbzd80000gp/T/plugintest3110868901 test_name=TestAccSecretText_DeleteUnderLyingResource test_terraform_path=/opt/homebrew/bin/terraform test_step_number=1 tf_provider_addr=registry.terraform.io/hashicorp/harness&#xA;2025-03-21T00:23:21.899+0530 [DEBUG] sdk.helper_resource: Created sdkv2 provider instance: test_terraform_path=/opt/homebrew/bin/terraform test_step_number=1 tf_provider_addr=registry.terraform.io/hashicorp/harness test_working_directory=/var/folders/xb/l5t2rsc51zx11jdc_dxwbzd80000gp/T/plugintest3110868901 test_name=TestAccSecretText_DeleteUnderLyingResource&#xA;2025-03-21T00:23:21.899+0530 [DEBUG] sdk.helper_resource: Starting sdkv2 provider instance server: test_working_directory=/var/folders/xb/l5t2rsc51zx11jdc_dxwbzd80000gp/T/plugintest3110868901 tf_provider_addr=registry.terraform.io/hashicorp/harness test_name=TestAccSecretText_DeleteUnderLyingResource test_terraform_path=/opt/homebrew/bin/terraform test_step_number=1&#xA;2025-03-21T00:23:21.900+0530 [DEBUG] sdk.helper_resource: Started sdkv2 provider instance server: test_name=TestAccSecretText_DeleteUnderLyingResource test_terraform_path=/opt/homebrew/bin/terraform test_step_number=1 test_working_directory=/var/folders/xb/l5t2rsc51zx11jdc_dxwbzd80000gp/T/plugintest3110868901 tf_provider_addr=registry.terraform.io/hashicorp/harness&#xA;2025/03/21 00:23:21 [DEBUG] New state was assigned lineage &#34;1669aafd-80f6-cf25-0a20-df140e6ff008&#34;&#xA;2025-03-21T00:23:21.960+0530 [DEBUG] sdk.helper_resource: Stopping providers: test_terraform_path=/opt/homebrew/bin/terraform test_step_number=1 test_working_directory=/var/folders/xb/l5t2rsc51zx11jdc_dxwbzd80000gp/T/plugintest3110868901 test_name=TestAccSecretText_DeleteUnderLyingResource&#xA;--- FAIL: TestAccSecretText_DeleteUnderLyingResource (1.03s)&#xA;</failure>
		</testcase>
		<testcase classname="github.com/harness/terraform-provider-harness/internal/service/platform/secret" name="TestAccResourceSecretText_reference" time="0.000000">
			<skipped message="=== RUN   TestAccResourceSecretText_reference&#xA;    text_test.go:64: &#xA;--- SKIP: TestAccResourceSecretText_reference (0.00s)&#xA;"></skipped>
		</testcase>
		<testcase classname="github.com/harness/terraform-provider-harness/internal/service/platform/secret" name="TestOrgResourceSecretText_reference" time="0.000000">
			<skipped message="=== RUN   TestOrgResourceSecretText_reference&#xA;    text_test.go:219: Skipping the TestOrgResourceSecretText_reference for SMP env&#xA;--- SKIP: TestOrgResourceSecretText_reference (0.00s)&#xA;"></skipped>
		</testcase>
		<testcase classname="github.com/harness/terraform-provider-harness/internal/service/platform/secret" name="TestAccResourceSecretText_GCP_SM_reference" time="0.000000">
			<skipped message="=== RUN   TestAccResourceSecretText_GCP_SM_reference&#xA;    text_test.go:448: &#xA;--- SKIP: TestAccResourceSecretText_GCP_SM_reference (0.00s)&#xA;"></skipped>
		</testcase>
	</testsuite>
</testsuites>